Using pre-set license
Built from '2020.2/staging' branch; Version is '2020.2.7f1 (c53830e277f1) revision 12924976'; Using compiler version '192528614'; Build Type 'Release'
OS: 'Windows 10 Pro; OS build 19042.867; Version 2009; 64bit' Language: 'ru' Physical Memory: 16321 MB
BatchMode: 1, IsHumanControllingUs: 0, StartBugReporterOnCrash: 0, Is64bit: 1, IsPro: 0

 COMMAND LINE ARGUMENTS:
C:\Program Files\Unity\Hub\Editor\2020.2.7f1\Editor\Unity.exe
-adb2
-batchMode
-noUpm
-name
AssetImportWorker0
-projectPath
D:/Dima/Unity Projects/clicker
-logFile
Logs/AssetImportWorker0.log
-srvPort
49836
Successfully changed project path to: D:/Dima/Unity Projects/clicker
D:/Dima/Unity Projects/clicker
Using Asset Import Pipeline V2.
Refreshing native plugins compatible for Editor in 42.06 ms, found 1 plugins.
Preloading 0 native plugins for Editor in 0.00 ms.
Initialize engine version: 2020.2.7f1 (c53830e277f1)
[Subsystems] Discovering subsystems at path C:/Program Files/Unity/Hub/Editor/2020.2.7f1/Editor/Data/Resources/UnitySubsystems
[Subsystems] Discovering subsystems at path D:/Dima/Unity Projects/clicker/Assets
GfxDevice: creating device client; threaded=0
Direct3D:
    Version:  Direct3D 11.0 [level 11.1]
    Renderer: NVIDIA GeForce GTX 1660 (ID=0x2184)
    Vendor:   
    VRAM:     5991 MB
    Driver:   27.21.14.6089
Initialize mono
Mono path[0] = 'C:/Program Files/Unity/Hub/Editor/2020.2.7f1/Editor/Data/Managed'
Mono path[1] = 'C:/Program Files/Unity/Hub/Editor/2020.2.7f1/Editor/Data/MonoBleedingEdge/lib/mono/unityjit'
Mono config path = 'C:/Program Files/Unity/Hub/Editor/2020.2.7f1/Editor/Data/MonoBleedingEdge/etc'
Using monoOptions --debugger-agent=transport=dt_socket,embedding=1,server=y,suspend=n,address=127.0.0.1:56028
Begin MonoManager ReloadAssembly
Registering precompiled unity dll's ...
Register platform support module: C:/Program Files/Unity/Hub/Editor/2020.2.7f1/Editor/Data/PlaybackEngines/WindowsStandaloneSupport/UnityEditor.WindowsStandalone.Extensions.dll
Registered in 0.003883 seconds.
Native extension for WindowsStandalone target not found
Refreshing native plugins compatible for Editor in 41.58 ms, found 1 plugins.
Preloading 0 native plugins for Editor in 0.00 ms.
Invoked RoslynAnalysisRunner static constructor.
RoslynAnalysisRunner will not be running.
RoslynAnalysisRunner has terminated.
Mono: successfully reloaded assembly
- Completed reload, in  1.564 seconds
Platform modules already initialized, skipping
Registering precompiled user dll's ...
Registered in 0.001017 seconds.
Begin MonoManager ReloadAssembly
Native extension for WindowsStandalone target not found
Refreshing native plugins compatible for Editor in 49.35 ms, found 1 plugins.
Preloading 0 native plugins for Editor in 0.00 ms.
Invoked RoslynAnalysisRunner static constructor.
RoslynAnalysisRunner will not be running.
RoslynAnalysisRunner has terminated.
Mono: successfully reloaded assembly
- Completed reload, in  1.623 seconds
Platform modules already initialized, skipping
========================================================================
Worker process is ready to serve import requests
Launched and connected shader compiler UnityShaderCompiler.exe after 0.10 seconds
Refreshing native plugins compatible for Editor in 0.41 ms, found 1 plugins.
Preloading 0 native plugins for Editor in 0.00 ms.
Unloading 1810 Unused Serialized files (Serialized files now loaded: 0)
System memory in use before: 84.9 MB.
System memory in use after: 84.8 MB.

Unloading 24 unused Assets to reduce memory usage. Loaded Objects now: 2255.
Total: 27.233700 ms (FindLiveObjects: 11.937600 ms CreateObjectMapping: 0.193100 ms MarkObjects: 14.938900 ms  DeleteObjects: 0.162900 ms)

========================================================================
Received Import Request.
  path: Assets/scripts/scr_menu.cs
  artifactKey: Guid(25005478290d74149ae6e20e24effab7) Importer(815301076,1909f56bfc062723c751e8b465ee728b)
Start importing Assets/scripts/scr_menu.cs using Guid(25005478290d74149ae6e20e24effab7) Importer(815301076,1909f56bfc062723c751e8b465ee728b)  -> (artifact id: '7758479e5569c4a7fabcbaf691412c49') in 0.060329 seconds
  Import took 0.066696 seconds .

========================================================================
Received Import Request.
  Time since last request: 0.000409 seconds.
  path: Assets/scripts/Scr_ChangeModel.cs
  artifactKey: Guid(df18a2c57e0b6cf4eafa63d12c9339be) Importer(815301076,1909f56bfc062723c751e8b465ee728b)
Start importing Assets/scripts/Scr_ChangeModel.cs using Guid(df18a2c57e0b6cf4eafa63d12c9339be) Importer(815301076,1909f56bfc062723c751e8b465ee728b)  -> (artifact id: 'd80f8700ea5487c1d2c9065678c7c930') in 0.030958 seconds
  Import took 0.035586 seconds .

========================================================================
Received Prepare
Registering precompiled user dll's ...
Registered in 0.003263 seconds.
Begin MonoManager ReloadAssembly
Native extension for WindowsStandalone target not found
Refreshing native plugins compatible for Editor in 0.43 ms, found 1 plugins.
Preloading 0 native plugins for Editor in 0.00 ms.
Invoked RoslynAnalysisRunner static constructor.
RoslynAnalysisRunner will not be running.
RoslynAnalysisRunner has terminated.
Mono: successfully reloaded assembly
- Completed reload, in  1.089 seconds
Platform modules already initialized, skipping
Refreshing native plugins compatible for Editor in 0.40 ms, found 1 plugins.
Preloading 0 native plugins for Editor in 0.00 ms.
Unloading 1805 Unused Serialized files (Serialized files now loaded: 0)
System memory in use before: 84.8 MB.
System memory in use after: 84.8 MB.

Unloading 12 unused Assets to reduce memory usage. Loaded Objects now: 2259.
Total: 2.569900 ms (FindLiveObjects: 0.242200 ms CreateObjectMapping: 0.140700 ms MarkObjects: 2.063000 ms  DeleteObjects: 0.122400 ms)

========================================================================
Received Import Request.
  Time since last request: 242.264915 seconds.
  path: Assets/scripts/Scr_ChangeModel.cs
  artifactKey: Guid(df18a2c57e0b6cf4eafa63d12c9339be) Importer(815301076,1909f56bfc062723c751e8b465ee728b)
Start importing Assets/scripts/Scr_ChangeModel.cs using Guid(df18a2c57e0b6cf4eafa63d12c9339be) Importer(815301076,1909f56bfc062723c751e8b465ee728b)  -> (artifact id: 'b76d6e1005dd728f9b8086a5db51d1de') in 0.031154 seconds
  Import took 0.034819 seconds .

========================================================================
Received Import Request.
  Time since last request: 2989.936902 seconds.
  path: Assets/Дерево.png
  artifactKey: Guid(513dafb14bfa39f43b154d2afa5b7c45) Importer(815301076,1909f56bfc062723c751e8b465ee728b)
Start importing Assets/Дерево.png using Guid(513dafb14bfa39f43b154d2afa5b7c45) Importer(815301076,1909f56bfc062723c751e8b465ee728b)  -> (artifact id: '3bf42c9413f936effb7ffd6110ddb9dd') in 0.099311 seconds
  Import took 0.103700 seconds .

========================================================================
Received Import Request.
  Time since last request: 101.659282 seconds.
  path: Assets/Wood.obj
  artifactKey: Guid(01d3e165b7195814b814efb3761f0c8b) Importer(815301076,1909f56bfc062723c751e8b465ee728b)
Start importing Assets/Wood.obj using Guid(01d3e165b7195814b814efb3761f0c8b) Importer(815301076,1909f56bfc062723c751e8b465ee728b)  -> (artifact id: '4fc67e3c79a94bf702450d1491389183') in 0.167860 seconds
  Import took 0.172376 seconds .

========================================================================
Received Import Request.
  Time since last request: 0.000334 seconds.
  path: Assets/Wood.png
  artifactKey: Guid(f172982f07c3951488dcf46045e24ce6) Importer(815301076,1909f56bfc062723c751e8b465ee728b)
Start importing Assets/Wood.png using Guid(f172982f07c3951488dcf46045e24ce6) Importer(815301076,1909f56bfc062723c751e8b465ee728b)  -> (artifact id: 'aa8c3a75fcf9f43f11e3976c700d7ef6') in 0.039753 seconds
  Import took 0.043880 seconds .

========================================================================
Received Import Request.
  Time since last request: 0.003389 seconds.
  path: Assets/Wood.png
  artifactKey: Guid(f172982f07c3951488dcf46045e24ce6) Importer(815301076,1909f56bfc062723c751e8b465ee728b)
Start importing Assets/Wood.png using Guid(f172982f07c3951488dcf46045e24ce6) Importer(815301076,1909f56bfc062723c751e8b465ee728b)  -> (artifact id: 'aa8c3a75fcf9f43f11e3976c700d7ef6') in 0.034180 seconds
  Import took 0.039075 seconds .

========================================================================
Received Import Request.
  Time since last request: 15.466297 seconds.
  path: Assets/Jelezo.mtl
  artifactKey: Guid(10f3d93214f1c3a4eaa18093135ffbbb) Importer(815301076,1909f56bfc062723c751e8b465ee728b)
Start importing Assets/Jelezo.mtl using Guid(10f3d93214f1c3a4eaa18093135ffbbb) Importer(815301076,1909f56bfc062723c751e8b465ee728b)  -> (artifact id: '4c816847a101ed72d93cd26e29cae607') in 0.032951 seconds
  Import took 0.036853 seconds .

========================================================================
Received Prepare
Registering precompiled user dll's ...
Registered in 0.001031 seconds.
Begin MonoManager ReloadAssembly
Native extension for WindowsStandalone target not found
Refreshing native plugins compatible for Editor in 0.46 ms, found 1 plugins.
Preloading 0 native plugins for Editor in 0.00 ms.
Invoked RoslynAnalysisRunner static constructor.
RoslynAnalysisRunner will not be running.
RoslynAnalysisRunner has terminated.
Mono: successfully reloaded assembly
- Completed reload, in  1.085 seconds
Platform modules already initialized, skipping
Refreshing native plugins compatible for Editor in 0.42 ms, found 1 plugins.
Preloading 0 native plugins for Editor in 0.00 ms.
Unloading 1805 Unused Serialized files (Serialized files now loaded: 0)
System memory in use before: 88.4 MB.
System memory in use after: 88.4 MB.

Unloading 12 unused Assets to reduce memory usage. Loaded Objects now: 2308.
Total: 3.031500 ms (FindLiveObjects: 0.245900 ms CreateObjectMapping: 0.141800 ms MarkObjects: 2.504900 ms  DeleteObjects: 0.136900 ms)

========================================================================
Received Prepare
Registering precompiled user dll's ...
Registered in 0.001511 seconds.
Begin MonoManager ReloadAssembly
Native extension for WindowsStandalone target not found
Refreshing native plugins compatible for Editor in 0.41 ms, found 1 plugins.
Preloading 0 native plugins for Editor in 0.00 ms.
Invoked RoslynAnalysisRunner static constructor.
RoslynAnalysisRunner will not be running.
RoslynAnalysisRunner has terminated.
Mono: successfully reloaded assembly
- Completed reload, in  1.126 seconds
Platform modules already initialized, skipping
Refreshing native plugins compatible for Editor in 0.40 ms, found 1 plugins.
Preloading 0 native plugins for Editor in 0.00 ms.
Unloading 1805 Unused Serialized files (Serialized files now loaded: 0)
System memory in use before: 88.4 MB.
System memory in use after: 88.4 MB.

Unloading 12 unused Assets to reduce memory usage. Loaded Objects now: 2312.
Total: 2.589000 ms (FindLiveObjects: 0.198600 ms CreateObjectMapping: 0.075800 ms MarkObjects: 2.167100 ms  DeleteObjects: 0.146600 ms)

========================================================================
Received Prepare
Registering precompiled user dll's ...
Registered in 0.001270 seconds.
Begin MonoManager ReloadAssembly
Native extension for WindowsStandalone target not found
Refreshing native plugins compatible for Editor in 0.38 ms, found 1 plugins.
Preloading 0 native plugins for Editor in 0.00 ms.
Invoked RoslynAnalysisRunner static constructor.
RoslynAnalysisRunner will not be running.
RoslynAnalysisRunner has terminated.
Mono: successfully reloaded assembly
- Completed reload, in  1.090 seconds
Platform modules already initialized, skipping
Refreshing native plugins compatible for Editor in 0.41 ms, found 1 plugins.
Preloading 0 native plugins for Editor in 0.00 ms.
Unloading 1805 Unused Serialized files (Serialized files now loaded: 0)
System memory in use before: 88.4 MB.
System memory in use after: 88.4 MB.

Unloading 12 unused Assets to reduce memory usage. Loaded Objects now: 2316.
Total: 2.889600 ms (FindLiveObjects: 0.202200 ms CreateObjectMapping: 0.077900 ms MarkObjects: 2.475700 ms  DeleteObjects: 0.132700 ms)

========================================================================
Received Prepare
Registering precompiled user dll's ...
Registered in 0.000994 seconds.
Begin MonoManager ReloadAssembly
Native extension for WindowsStandalone target not found
Refreshing native plugins compatible for Editor in 0.55 ms, found 1 plugins.
Preloading 0 native plugins for Editor in 0.00 ms.
Invoked RoslynAnalysisRunner static constructor.
RoslynAnalysisRunner will not be running.
RoslynAnalysisRunner has terminated.
Mono: successfully reloaded assembly
- Completed reload, in  1.142 seconds
Platform modules already initialized, skipping
Refreshing native plugins compatible for Editor in 0.41 ms, found 1 plugins.
Preloading 0 native plugins for Editor in 0.00 ms.
Unloading 1805 Unused Serialized files (Serialized files now loaded: 0)
System memory in use before: 88.4 MB.
System memory in use after: 88.4 MB.

Unloading 12 unused Assets to reduce memory usage. Loaded Objects now: 2320.
Total: 2.230600 ms (FindLiveObjects: 0.192400 ms CreateObjectMapping: 0.074300 ms MarkObjects: 1.807500 ms  DeleteObjects: 0.155200 ms)

========================================================================
Received Import Request.
  Time since last request: 316.357179 seconds.
  path: Assets/Wood_spr.png
  artifactKey: Guid(2f8fce70ca8ae7942a9e52951f68587d) Importer(815301076,1909f56bfc062723c751e8b465ee728b)
Start importing Assets/Wood_spr.png using Guid(2f8fce70ca8ae7942a9e52951f68587d) Importer(815301076,1909f56bfc062723c751e8b465ee728b)  -> (artifact id: '3cc03a514da86e4e0e0f5ddf2eeffcd0') in 0.072488 seconds
  Import took 0.076726 seconds .

========================================================================
Received Prepare
Registering precompiled user dll's ...
Registered in 0.000957 seconds.
Begin MonoManager ReloadAssembly
Native extension for WindowsStandalone target not found
Refreshing native plugins compatible for Editor in 0.45 ms, found 1 plugins.
Preloading 0 native plugins for Editor in 0.00 ms.
Invoked RoslynAnalysisRunner static constructor.
RoslynAnalysisRunner will not be running.
RoslynAnalysisRunner has terminated.
Mono: successfully reloaded assembly
- Completed reload, in  1.235 seconds
Platform modules already initialized, skipping
Refreshing native plugins compatible for Editor in 0.52 ms, found 1 plugins.
Preloading 0 native plugins for Editor in 0.00 ms.
Unloading 1805 Unused Serialized files (Serialized files now loaded: 0)
System memory in use before: 88.5 MB.
System memory in use after: 88.5 MB.

Unloading 12 unused Assets to reduce memory usage. Loaded Objects now: 2324.
Total: 2.375900 ms (FindLiveObjects: 0.193400 ms CreateObjectMapping: 0.073100 ms MarkObjects: 1.982400 ms  DeleteObjects: 0.125700 ms)

========================================================================
Received Prepare
Registering precompiled user dll's ...
Registered in 0.001098 seconds.
Begin MonoManager ReloadAssembly
Native extension for WindowsStandalone target not found
Refreshing native plugins compatible for Editor in 0.41 ms, found 1 plugins.
Preloading 0 native plugins for Editor in 0.00 ms.
Invoked RoslynAnalysisRunner static constructor.
RoslynAnalysisRunner will not be running.
RoslynAnalysisRunner has terminated.
Mono: successfully reloaded assembly
- Completed reload, in  1.138 seconds
Platform modules already initialized, skipping
Refreshing native plugins compatible for Editor in 0.41 ms, found 1 plugins.
Preloading 0 native plugins for Editor in 0.00 ms.
Unloading 1805 Unused Serialized files (Serialized files now loaded: 0)
System memory in use before: 88.5 MB.
System memory in use after: 88.5 MB.

Unloading 12 unused Assets to reduce memory usage. Loaded Objects now: 2328.
Total: 3.833800 ms (FindLiveObjects: 0.531300 ms CreateObjectMapping: 0.216900 ms MarkObjects: 2.929900 ms  DeleteObjects: 0.154300 ms)

========================================================================
Received Import Request.
  Time since last request: 741.700251 seconds.
  path: Assets/Wood2.png
  artifactKey: Guid(2f857f9db9ea64247944465d1b72c1ff) Importer(815301076,1909f56bfc062723c751e8b465ee728b)
Start importing Assets/Wood2.png using Guid(2f857f9db9ea64247944465d1b72c1ff) Importer(815301076,1909f56bfc062723c751e8b465ee728b)  -> (artifact id: '65632ce91f4cb43c9b7739f082a60d25') in 0.079968 seconds
  Import took 0.084350 seconds .

========================================================================
Received Import Request.
  Time since last request: 36.930738 seconds.
  path: Assets/Materials/WoodMaterial.mat
  artifactKey: Guid(12d88a15a58dc0f4db95b0b9cb4627b9) Importer(815301076,1909f56bfc062723c751e8b465ee728b)
Start importing Assets/Materials/WoodMaterial.mat using Guid(12d88a15a58dc0f4db95b0b9cb4627b9) Importer(815301076,1909f56bfc062723c751e8b465ee728b)  -> (artifact id: 'ef22c5b3a49c24c2cf31a8f547190634') in 0.495749 seconds
  Import took 0.505788 seconds .

========================================================================
Received Import Request.
  Time since last request: 179.095514 seconds.
  path: Assets/Materials/New Material.mat
  artifactKey: Guid(2daf0c20d5519e84ea80d38597401ee2) Importer(815301076,1909f56bfc062723c751e8b465ee728b)
Start importing Assets/Materials/New Material.mat using Guid(2daf0c20d5519e84ea80d38597401ee2) Importer(815301076,1909f56bfc062723c751e8b465ee728b)  -> (artifact id: '1292beaea7c3c2d94e005d18593570c8') in 0.045796 seconds
  Import took 0.051338 seconds .

========================================================================
Received Import Request.
  Time since last request: 36.356178 seconds.
  path: Assets/Wood2.png
  artifactKey: Guid(d39ad6d58a7fa394ab93d6ed08d6728b) Importer(815301076,1909f56bfc062723c751e8b465ee728b)
Start importing Assets/Wood2.png using Guid(d39ad6d58a7fa394ab93d6ed08d6728b) Importer(815301076,1909f56bfc062723c751e8b465ee728b)  -> (artifact id: 'b9c07e8ed4ba7445d3c52e5436504041') in 0.041299 seconds
  Import took 0.048110 seconds .

========================================================================
Received Prepare
Registering precompiled user dll's ...
Registered in 0.001617 seconds.
Begin MonoManager ReloadAssembly
Native extension for WindowsStandalone target not found
Refreshing native plugins compatible for Editor in 0.41 ms, found 1 plugins.
Preloading 0 native plugins for Editor in 0.00 ms.
Invoked RoslynAnalysisRunner static constructor.
RoslynAnalysisRunner will not be running.
RoslynAnalysisRunner has terminated.
Mono: successfully reloaded assembly
- Completed reload, in  1.122 seconds
Platform modules already initialized, skipping
Refreshing native plugins compatible for Editor in 0.41 ms, found 1 plugins.
Preloading 0 native plugins for Editor in 0.00 ms.
Unloading 1805 Unused Serialized files (Serialized files now loaded: 0)
System memory in use before: 88.5 MB.
System memory in use after: 88.5 MB.

Unloading 12 unused Assets to reduce memory usage. Loaded Objects now: 2333.
Total: 3.285700 ms (FindLiveObjects: 0.243200 ms CreateObjectMapping: 0.151400 ms MarkObjects: 2.672100 ms  DeleteObjects: 0.217900 ms)

========================================================================
Received Prepare
Registering precompiled user dll's ...
Registered in 0.000949 seconds.
Begin MonoManager ReloadAssembly
Native extension for WindowsStandalone target not found
Refreshing native plugins compatible for Editor in 0.41 ms, found 1 plugins.
Preloading 0 native plugins for Editor in 0.00 ms.
Invoked RoslynAnalysisRunner static constructor.
RoslynAnalysisRunner will not be running.
RoslynAnalysisRunner has terminated.
Mono: successfully reloaded assembly
- Completed reload, in  1.108 seconds
Platform modules already initialized, skipping
Refreshing native plugins compatible for Editor in 0.39 ms, found 1 plugins.
Preloading 0 native plugins for Editor in 0.00 ms.
Unloading 1805 Unused Serialized files (Serialized files now loaded: 0)
System memory in use before: 88.5 MB.
System memory in use after: 88.5 MB.

Unloading 12 unused Assets to reduce memory usage. Loaded Objects now: 2337.
Total: 2.752900 ms (FindLiveObjects: 0.297800 ms CreateObjectMapping: 0.195000 ms MarkObjects: 2.095700 ms  DeleteObjects: 0.163200 ms)

========================================================================
Received Prepare
Registering precompiled user dll's ...
Registered in 0.001120 seconds.
Begin MonoManager ReloadAssembly
Native extension for WindowsStandalone target not found
Refreshing native plugins compatible for Editor in 0.42 ms, found 1 plugins.
Preloading 0 native plugins for Editor in 0.00 ms.
Invoked RoslynAnalysisRunner static constructor.
RoslynAnalysisRunner will not be running.
RoslynAnalysisRunner has terminated.
Mono: successfully reloaded assembly
- Completed reload, in  1.117 seconds
Platform modules already initialized, skipping
Refreshing native plugins compatible for Editor in 0.62 ms, found 1 plugins.
Preloading 0 native plugins for Editor in 0.00 ms.
Unloading 1805 Unused Serialized files (Serialized files now loaded: 0)
System memory in use before: 88.5 MB.
System memory in use after: 88.5 MB.

Unloading 12 unused Assets to reduce memory usage. Loaded Objects now: 2341.
Total: 2.257500 ms (FindLiveObjects: 0.191800 ms CreateObjectMapping: 0.075100 ms MarkObjects: 1.857800 ms  DeleteObjects: 0.131700 ms)

========================================================================
Received Prepare
Registering precompiled user dll's ...
Registered in 0.001091 seconds.
Begin MonoManager ReloadAssembly
Native extension for WindowsStandalone target not found
Refreshing native plugins compatible for Editor in 0.49 ms, found 1 plugins.
Preloading 0 native plugins for Editor in 0.00 ms.
Invoked RoslynAnalysisRunner static constructor.
RoslynAnalysisRunner will not be running.
RoslynAnalysisRunner has terminated.
Mono: successfully reloaded assembly
- Completed reload, in  1.159 seconds
Platform modules already initialized, skipping
Refreshing native plugins compatible for Editor in 0.50 ms, found 1 plugins.
Preloading 0 native plugins for Editor in 0.00 ms.
Unloading 1805 Unused Serialized files (Serialized files now loaded: 0)
System memory in use before: 88.5 MB.
System memory in use after: 88.5 MB.

Unloading 12 unused Assets to reduce memory usage. Loaded Objects now: 2345.
Total: 2.568100 ms (FindLiveObjects: 0.249600 ms CreateObjectMapping: 0.141500 ms MarkObjects: 2.022700 ms  DeleteObjects: 0.153000 ms)

========================================================================
Received Prepare
Registering precompiled user dll's ...
Registered in 0.001083 seconds.
Begin MonoManager ReloadAssembly
Native extension for WindowsStandalone target not found
Refreshing native plugins compatible for Editor in 0.40 ms, found 1 plugins.
Preloading 0 native plugins for Editor in 0.00 ms.
Invoked RoslynAnalysisRunner static constructor.
RoslynAnalysisRunner will not be running.
RoslynAnalysisRunner has terminated.
Mono: successfully reloaded assembly
- Completed reload, in  1.132 seconds
Platform modules already initialized, skipping
Refreshing native plugins compatible for Editor in 0.46 ms, found 1 plugins.
Preloading 0 native plugins for Editor in 0.00 ms.
Unloading 1805 Unused Serialized files (Serialized files now loaded: 0)
System memory in use before: 88.5 MB.
System memory in use after: 88.5 MB.

Unloading 12 unused Assets to reduce memory usage. Loaded Objects now: 2349.
Total: 3.474800 ms (FindLiveObjects: 0.514600 ms CreateObjectMapping: 0.262900 ms MarkObjects: 2.542700 ms  DeleteObjects: 0.153500 ms)

========================================================================
Received Prepare
Registering precompiled user dll's ...
Registered in 0.001023 seconds.
Begin MonoManager ReloadAssembly
Native extension for WindowsStandalone target not found
Refreshing native plugins compatible for Editor in 0.41 ms, found 1 plugins.
Preloading 0 native plugins for Editor in 0.00 ms.
Invoked RoslynAnalysisRunner static constructor.
RoslynAnalysisRunner will not be running.
RoslynAnalysisRunner has terminated.
Mono: successfully reloaded assembly
- Completed reload, in  1.101 seconds
Platform modules already initialized, skipping
Refreshing native plugins compatible for Editor in 0.42 ms, found 1 plugins.
Preloading 0 native plugins for Editor in 0.00 ms.
Unloading 1805 Unused Serialized files (Serialized files now loaded: 0)
System memory in use before: 88.5 MB.
System memory in use after: 88.5 MB.

Unloading 12 unused Assets to reduce memory usage. Loaded Objects now: 2353.
Total: 3.133800 ms (FindLiveObjects: 0.199800 ms CreateObjectMapping: 0.324700 ms MarkObjects: 2.471900 ms  DeleteObjects: 0.136500 ms)

========================================================================
Received Prepare
Registering precompiled user dll's ...
Registered in 0.001058 seconds.
Begin MonoManager ReloadAssembly
Native extension for WindowsStandalone target not found
Refreshing native plugins compatible for Editor in 0.42 ms, found 1 plugins.
Preloading 0 native plugins for Editor in 0.00 ms.
Invoked RoslynAnalysisRunner static constructor.
RoslynAnalysisRunner will not be running.
RoslynAnalysisRunner has terminated.
Mono: successfully reloaded assembly
- Completed reload, in  1.122 seconds
Platform modules already initialized, skipping
Refreshing native plugins compatible for Editor in 0.48 ms, found 1 plugins.
Preloading 0 native plugins for Editor in 0.00 ms.
Unloading 1805 Unused Serialized files (Serialized files now loaded: 0)
System memory in use before: 88.5 MB.
System memory in use after: 88.5 MB.

Unloading 12 unused Assets to reduce memory usage. Loaded Objects now: 2357.
Total: 2.845300 ms (FindLiveObjects: 0.249400 ms CreateObjectMapping: 0.161500 ms MarkObjects: 2.291700 ms  DeleteObjects: 0.141200 ms)

========================================================================
Received Prepare
Registering precompiled user dll's ...
Registered in 0.001059 seconds.
Begin MonoManager ReloadAssembly
Native extension for WindowsStandalone target not found
Refreshing native plugins compatible for Editor in 0.42 ms, found 1 plugins.
Preloading 0 native plugins for Editor in 0.00 ms.
Invoked RoslynAnalysisRunner static constructor.
RoslynAnalysisRunner will not be running.
RoslynAnalysisRunner has terminated.
Mono: successfully reloaded assembly
- Completed reload, in  1.095 seconds
Platform modules already initialized, skipping
Refreshing native plugins compatible for Editor in 0.41 ms, found 1 plugins.
Preloading 0 native plugins for Editor in 0.00 ms.
Unloading 1805 Unused Serialized files (Serialized files now loaded: 0)
System memory in use before: 88.6 MB.
System memory in use after: 88.6 MB.

Unloading 12 unused Assets to reduce memory usage. Loaded Objects now: 2361.
Total: 6.121500 ms (FindLiveObjects: 0.371900 ms CreateObjectMapping: 0.095400 ms MarkObjects: 5.517400 ms  DeleteObjects: 0.135300 ms)

========================================================================
Received Prepare
Registering precompiled user dll's ...
Registered in 0.001059 seconds.
Begin MonoManager ReloadAssembly
Native extension for WindowsStandalone target not found
Refreshing native plugins compatible for Editor in 0.44 ms, found 1 plugins.
Preloading 0 native plugins for Editor in 0.00 ms.
Invoked RoslynAnalysisRunner static constructor.
RoslynAnalysisRunner will not be running.
RoslynAnalysisRunner has terminated.
Mono: successfully reloaded assembly
- Completed reload, in  1.105 seconds
Platform modules already initialized, skipping
Refreshing native plugins compatible for Editor in 0.42 ms, found 1 plugins.
Preloading 0 native plugins for Editor in 0.00 ms.
Unloading 1805 Unused Serialized files (Serialized files now loaded: 0)
System memory in use before: 88.6 MB.
System memory in use after: 88.6 MB.

Unloading 12 unused Assets to reduce memory usage. Loaded Objects now: 2365.
Total: 2.363900 ms (FindLiveObjects: 0.200600 ms CreateObjectMapping: 0.075600 ms MarkObjects: 1.860500 ms  DeleteObjects: 0.226100 ms)

========================================================================
Received Import Request.
  Time since last request: 1627.180180 seconds.
  path: Assets/Sounds
  artifactKey: Guid(b54c540488b82c54c8aa2da2c9d72a14) Importer(815301076,1909f56bfc062723c751e8b465ee728b)
Start importing Assets/Sounds using Guid(b54c540488b82c54c8aa2da2c9d72a14) Importer(815301076,1909f56bfc062723c751e8b465ee728b)  -> (artifact id: '731e125b08dc228d2d1f6a0b386b7c0f') in 0.037409 seconds
  Import took 0.041784 seconds .

========================================================================
Received Import Request.
  Time since last request: 22.190331 seconds.
  path: Assets/Models
  artifactKey: Guid(0dc8bf051cf695a428d008c9a9fca13f) Importer(815301076,1909f56bfc062723c751e8b465ee728b)
Start importing Assets/Models using Guid(0dc8bf051cf695a428d008c9a9fca13f) Importer(815301076,1909f56bfc062723c751e8b465ee728b)  -> (artifact id: '80106757561eca314034895b86c83906') in 0.032305 seconds
  Import took 0.035863 seconds .

========================================================================
Received Import Request.
  Time since last request: 30.642176 seconds.
  path: Assets/Sprites
  artifactKey: Guid(35c9c1ccd77c5a8488cea9e3c20fb60f) Importer(815301076,1909f56bfc062723c751e8b465ee728b)
Start importing Assets/Sprites using Guid(35c9c1ccd77c5a8488cea9e3c20fb60f) Importer(815301076,1909f56bfc062723c751e8b465ee728b)  -> (artifact id: '8a7ee77da948f33f798cd1a29ae8b409') in 0.030590 seconds
  Import took 0.034717 seconds .

========================================================================
Received Import Request.
  Time since last request: 30.039218 seconds.
  path: Assets/Sounds/chopping2.wav
  artifactKey: Guid(3b4df543758e7764c9e699bc1516dfb1) Importer(815301076,1909f56bfc062723c751e8b465ee728b)
Start importing Assets/Sounds/chopping2.wav using Guid(3b4df543758e7764c9e699bc1516dfb1) Importer(815301076,1909f56bfc062723c751e8b465ee728b)  -> (artifact id: '25d85d10c3421b422f49d4116cef4be4') in 0.123988 seconds
  Import took 0.147146 seconds .

========================================================================
Received Import Request.
  Time since last request: 0.000287 seconds.
  path: Assets/Sounds/metal.wav
  artifactKey: Guid(7069753c902a14445bf217b9f1d76025) Importer(815301076,1909f56bfc062723c751e8b465ee728b)
Start importing Assets/Sounds/metal.wav using Guid(7069753c902a14445bf217b9f1d76025) Importer(815301076,1909f56bfc062723c751e8b465ee728b)  -> (artifact id: 'f069b3c5049966939a4a711f7c42c2ed') in 0.045203 seconds
  Import took 0.048682 seconds .

========================================================================
Received Import Request.
  Time since last request: 0.000249 seconds.
  path: Assets/Sounds/coins.wav
  artifactKey: Guid(a7416af395c2a7a49b5101dbeff4211f) Importer(815301076,1909f56bfc062723c751e8b465ee728b)
Start importing Assets/Sounds/coins.wav using Guid(a7416af395c2a7a49b5101dbeff4211f) Importer(815301076,1909f56bfc062723c751e8b465ee728b)  -> (artifact id: '45bed893cfbb889565ae4474a7f61825') in 0.039816 seconds
  Import took 0.043125 seconds .

========================================================================
Received Import Request.
  Time since last request: 0.000258 seconds.
  path: Assets/Sounds/stone.wav
  artifactKey: Guid(b11aad609ddfc514f8e00298507c4504) Importer(815301076,1909f56bfc062723c751e8b465ee728b)
Start importing Assets/Sounds/stone.wav using Guid(b11aad609ddfc514f8e00298507c4504) Importer(815301076,1909f56bfc062723c751e8b465ee728b)  -> (artifact id: '77175cd39f20509b476ecd19bdc11743') in 0.044916 seconds
  Import took 0.048456 seconds .

========================================================================
Received Import Request.
  Time since last request: 0.000252 seconds.
  path: Assets/Sounds/hit.wav
  artifactKey: Guid(f385ed2050f97454b92bafe6811e9903) Importer(815301076,1909f56bfc062723c751e8b465ee728b)
Start importing Assets/Sounds/hit.wav using Guid(f385ed2050f97454b92bafe6811e9903) Importer(815301076,1909f56bfc062723c751e8b465ee728b)  -> (artifact id: '4f457dcb135c2524e2944a9464180bbb') in 0.043503 seconds
  Import took 0.046856 seconds .

========================================================================
Received Import Request.
  Time since last request: 0.000366 seconds.
  path: Assets/Sounds/magic.wav
  artifactKey: Guid(e167ba79957b90a49838e7c193e9f5ba) Importer(815301076,1909f56bfc062723c751e8b465ee728b)
Start importing Assets/Sounds/magic.wav using Guid(e167ba79957b90a49838e7c193e9f5ba) Importer(815301076,1909f56bfc062723c751e8b465ee728b)  -> (artifact id: '9d0b4c86f792527efa50807c7f2b5ac9') in 0.037761 seconds
  Import took 0.041436 seconds .

========================================================================
Received Prepare
Registering precompiled user dll's ...
Registered in 0.001088 seconds.
Begin MonoManager ReloadAssembly
Native extension for WindowsStandalone target not found
Refreshing native plugins compatible for Editor in 0.59 ms, found 1 plugins.
Preloading 0 native plugins for Editor in 0.00 ms.
Invoked RoslynAnalysisRunner static constructor.
RoslynAnalysisRunner will not be running.
RoslynAnalysisRunner has terminated.
Mono: successfully reloaded assembly
- Completed reload, in  1.111 seconds
Platform modules already initialized, skipping
Refreshing native plugins compatible for Editor in 0.41 ms, found 1 plugins.
Preloading 0 native plugins for Editor in 0.00 ms.
Unloading 1805 Unused Serialized files (Serialized files now loaded: 0)
System memory in use before: 88.6 MB.
System memory in use after: 88.6 MB.

Unloading 12 unused Assets to reduce memory usage. Loaded Objects now: 2372.
Total: 2.920900 ms (FindLiveObjects: 0.332000 ms CreateObjectMapping: 0.158100 ms MarkObjects: 2.268500 ms  DeleteObjects: 0.142100 ms)

========================================================================
Received Prepare
Registering precompiled user dll's ...
Registered in 0.001055 seconds.
Begin MonoManager ReloadAssembly
Native extension for WindowsStandalone target not found
Refreshing native plugins compatible for Editor in 0.42 ms, found 1 plugins.
Preloading 0 native plugins for Editor in 0.00 ms.
Invoked RoslynAnalysisRunner static constructor.
RoslynAnalysisRunner will not be running.
RoslynAnalysisRunner has terminated.
Mono: successfully reloaded assembly
- Completed reload, in  1.107 seconds
Platform modules already initialized, skipping
Refreshing native plugins compatible for Editor in 0.45 ms, found 1 plugins.
Preloading 0 native plugins for Editor in 0.00 ms.
Unloading 1805 Unused Serialized files (Serialized files now loaded: 0)
System memory in use before: 88.6 MB.
System memory in use after: 88.6 MB.

Unloading 12 unused Assets to reduce memory usage. Loaded Objects now: 2376.
Total: 2.812500 ms (FindLiveObjects: 0.271600 ms CreateObjectMapping: 0.159300 ms MarkObjects: 2.199900 ms  DeleteObjects: 0.180600 ms)

========================================================================
Received Prepare
Registering precompiled user dll's ...
Registered in 0.000982 seconds.
Begin MonoManager ReloadAssembly
Native extension for WindowsStandalone target not found
Refreshing native plugins compatible for Editor in 0.45 ms, found 1 plugins.
Preloading 0 native plugins for Editor in 0.00 ms.
Invoked RoslynAnalysisRunner static constructor.
RoslynAnalysisRunner will not be running.
RoslynAnalysisRunner has terminated.
Mono: successfully reloaded assembly
- Completed reload, in  1.112 seconds
Platform modules already initialized, skipping
Refreshing native plugins compatible for Editor in 0.54 ms, found 1 plugins.
Preloading 0 native plugins for Editor in 0.00 ms.
Unloading 1805 Unused Serialized files (Serialized files now loaded: 0)
System memory in use before: 88.7 MB.
System memory in use after: 88.6 MB.

Unloading 12 unused Assets to reduce memory usage. Loaded Objects now: 2380.
Total: 2.734500 ms (FindLiveObjects: 0.283900 ms CreateObjectMapping: 0.151300 ms MarkObjects: 2.157800 ms  DeleteObjects: 0.139900 ms)

========================================================================
Received Prepare
Registering precompiled user dll's ...
Registered in 0.001020 seconds.
Begin MonoManager ReloadAssembly
Native extension for WindowsStandalone target not found
Refreshing native plugins compatible for Editor in 0.48 ms, found 1 plugins.
Preloading 0 native plugins for Editor in 0.00 ms.
Invoked RoslynAnalysisRunner static constructor.
RoslynAnalysisRunner will not be running.
RoslynAnalysisRunner has terminated.
Mono: successfully reloaded assembly
- Completed reload, in  1.132 seconds
Platform modules already initialized, skipping
Refreshing native plugins compatible for Editor in 0.42 ms, found 1 plugins.
Preloading 0 native plugins for Editor in 0.00 ms.
Unloading 1805 Unused Serialized files (Serialized files now loaded: 0)
System memory in use before: 88.7 MB.
System memory in use after: 88.7 MB.

Unloading 12 unused Assets to reduce memory usage. Loaded Objects now: 2384.
Total: 2.656400 ms (FindLiveObjects: 0.267100 ms CreateObjectMapping: 0.170800 ms MarkObjects: 2.065100 ms  DeleteObjects: 0.152600 ms)

========================================================================
Received Prepare
Registering precompiled user dll's ...
Registered in 0.001097 seconds.
Begin MonoManager ReloadAssembly
Native extension for WindowsStandalone target not found
Refreshing native plugins compatible for Editor in 0.39 ms, found 1 plugins.
Preloading 0 native plugins for Editor in 0.00 ms.
Invoked RoslynAnalysisRunner static constructor.
RoslynAnalysisRunner will not be running.
RoslynAnalysisRunner has terminated.
Mono: successfully reloaded assembly
- Completed reload, in  1.070 seconds
Platform modules already initialized, skipping
Refreshing native plugins compatible for Editor in 0.46 ms, found 1 plugins.
Preloading 0 native plugins for Editor in 0.00 ms.
Unloading 1805 Unused Serialized files (Serialized files now loaded: 0)
System memory in use before: 88.7 MB.
System memory in use after: 88.7 MB.

Unloading 12 unused Assets to reduce memory usage. Loaded Objects now: 2388.
Total: 2.370100 ms (FindLiveObjects: 0.207400 ms CreateObjectMapping: 0.074400 ms MarkObjects: 1.933000 ms  DeleteObjects: 0.154300 ms)

========================================================================
Received Prepare
Registering precompiled user dll's ...
Registered in 0.000986 seconds.
Begin MonoManager ReloadAssembly
Native extension for WindowsStandalone target not found
Refreshing native plugins compatible for Editor in 0.43 ms, found 1 plugins.
Preloading 0 native plugins for Editor in 0.00 ms.
Invoked RoslynAnalysisRunner static constructor.
RoslynAnalysisRunner will not be running.
RoslynAnalysisRunner has terminated.
Mono: successfully reloaded assembly
- Completed reload, in  1.132 seconds
Platform modules already initialized, skipping
Refreshing native plugins compatible for Editor in 0.47 ms, found 1 plugins.
Preloading 0 native plugins for Editor in 0.00 ms.
Unloading 1805 Unused Serialized files (Serialized files now loaded: 0)
System memory in use before: 88.7 MB.
System memory in use after: 88.7 MB.

Unloading 12 unused Assets to reduce memory usage. Loaded Objects now: 2392.
Total: 16.838600 ms (FindLiveObjects: 0.846100 ms CreateObjectMapping: 0.991000 ms MarkObjects: 14.803400 ms  DeleteObjects: 0.195500 ms)

========================================================================
Received Prepare
Registering precompiled user dll's ...
Registered in 0.000986 seconds.
Begin MonoManager ReloadAssembly
Native extension for WindowsStandalone target not found
Refreshing native plugins compatible for Editor in 0.47 ms, found 1 plugins.
Preloading 0 native plugins for Editor in 0.00 ms.
Invoked RoslynAnalysisRunner static constructor.
RoslynAnalysisRunner will not be running.
RoslynAnalysisRunner has terminated.
Mono: successfully reloaded assembly
- Completed reload, in  1.136 seconds
Platform modules already initialized, skipping
Refreshing native plugins compatible for Editor in 0.46 ms, found 1 plugins.
Preloading 0 native plugins for Editor in 0.00 ms.
Unloading 1805 Unused Serialized files (Serialized files now loaded: 0)
System memory in use before: 88.7 MB.
System memory in use after: 88.7 MB.

Unloading 12 unused Assets to reduce memory usage. Loaded Objects now: 2396.
Total: 2.429700 ms (FindLiveObjects: 0.207300 ms CreateObjectMapping: 0.074100 ms MarkObjects: 2.009300 ms  DeleteObjects: 0.137700 ms)

========================================================================
Received Prepare
Registering precompiled user dll's ...
Registered in 0.001052 seconds.
Begin MonoManager ReloadAssembly
Native extension for WindowsStandalone target not found
Refreshing native plugins compatible for Editor in 0.42 ms, found 1 plugins.
Preloading 0 native plugins for Editor in 0.00 ms.
Invoked RoslynAnalysisRunner static constructor.
RoslynAnalysisRunner will not be running.
RoslynAnalysisRunner has terminated.
Mono: successfully reloaded assembly
- Completed reload, in  1.077 seconds
Platform modules already initialized, skipping
Refreshing native plugins compatible for Editor in 0.48 ms, found 1 plugins.
Preloading 0 native plugins for Editor in 0.00 ms.
Unloading 1805 Unused Serialized files (Serialized files now loaded: 0)
System memory in use before: 88.7 MB.
System memory in use after: 88.7 MB.

Unloading 12 unused Assets to reduce memory usage. Loaded Objects now: 2400.
Total: 2.972100 ms (FindLiveObjects: 0.213600 ms CreateObjectMapping: 0.080600 ms MarkObjects: 2.523900 ms  DeleteObjects: 0.152500 ms)

========================================================================
Received Import Request.
  Time since last request: 7323.877742 seconds.
  path: Assets/Models/Jelezo.obj
  artifactKey: Guid(45f490f0622b94140a6f7a8622f698a4) Importer(815301076,1909f56bfc062723c751e8b465ee728b)
Start importing Assets/Models/Jelezo.obj using Guid(45f490f0622b94140a6f7a8622f698a4) Importer(815301076,1909f56bfc062723c751e8b465ee728b)  -> (artifact id: '3c2c605d81374a9ce70db490cde4e147') in 0.149650 seconds
  Import took 0.154438 seconds .

========================================================================
Received Import Request.
  Time since last request: 0.000274 seconds.
  path: Assets/Models/Wood.obj
  artifactKey: Guid(01d3e165b7195814b814efb3761f0c8b) Importer(815301076,1909f56bfc062723c751e8b465ee728b)
Start importing Assets/Models/Wood.obj using Guid(01d3e165b7195814b814efb3761f0c8b) Importer(815301076,1909f56bfc062723c751e8b465ee728b)  -> (artifact id: '2714e8237ccdef68fe1ea98f6b8fc549') in 0.073251 seconds
  Import took 0.077122 seconds .

========================================================================
Received Import Request.
  Time since last request: 3.774940 seconds.
  path: Assets/Models/Stone.obj
  artifactKey: Guid(1130f3fd6d8e43d44b2ea02dcab9ff2b) Importer(815301076,1909f56bfc062723c751e8b465ee728b)
Start importing Assets/Models/Stone.obj using Guid(1130f3fd6d8e43d44b2ea02dcab9ff2b) Importer(815301076,1909f56bfc062723c751e8b465ee728b)  -> (artifact id: 'd802273afa25e7707cdb4977d6be75c7') in 0.067131 seconds
  Import took 0.071387 seconds .

========================================================================
Received Import Request.
  Time since last request: 0.001257 seconds.
  path: Assets/Models/Stone.obj
  artifactKey: Guid(1130f3fd6d8e43d44b2ea02dcab9ff2b) Importer(815301076,1909f56bfc062723c751e8b465ee728b)
Start importing Assets/Models/Stone.obj using Guid(1130f3fd6d8e43d44b2ea02dcab9ff2b) Importer(815301076,1909f56bfc062723c751e8b465ee728b)  -> (artifact id: 'd802273afa25e7707cdb4977d6be75c7') in 0.063659 seconds
  Import took 0.067720 seconds .

========================================================================
Received Import Request.
  Time since last request: 155.624309 seconds.
  path: Assets/Models/Top.prefab
  artifactKey: Guid(986cee7912d1bb045aa9eb779b9557bf) Importer(815301076,1909f56bfc062723c751e8b465ee728b)
Start importing Assets/Models/Top.prefab using Guid(986cee7912d1bb045aa9eb779b9557bf) Importer(815301076,1909f56bfc062723c751e8b465ee728b)  -> (artifact id: '8ff8239e4b2ed4f3637e1d5972503d3b') in 0.045414 seconds
  Import took 0.067942 seconds .

========================================================================
Received Import Request.
  Time since last request: 73.930649 seconds.
  path: Assets/Top.png
  artifactKey: Guid(8090be027ceac15479f2b0d8ccfed0f2) Importer(815301076,1909f56bfc062723c751e8b465ee728b)
Start importing Assets/Top.png using Guid(8090be027ceac15479f2b0d8ccfed0f2) Importer(815301076,1909f56bfc062723c751e8b465ee728b)  -> (artifact id: 'b3499212bf38d60c41367f59d16ccda0') in 0.043878 seconds
  Import took 0.048002 seconds .

========================================================================
Received Prepare
Registering precompiled user dll's ...
Registered in 0.001317 seconds.
Begin MonoManager ReloadAssembly
Native extension for WindowsStandalone target not found
Refreshing native plugins compatible for Editor in 0.38 ms, found 1 plugins.
Preloading 0 native plugins for Editor in 0.00 ms.
Invoked RoslynAnalysisRunner static constructor.
RoslynAnalysisRunner will not be running.
RoslynAnalysisRunner has terminated.
Mono: successfully reloaded assembly
- Completed reload, in  1.118 seconds
Platform modules already initialized, skipping
Refreshing native plugins compatible for Editor in 0.43 ms, found 1 plugins.
Preloading 0 native plugins for Editor in 0.00 ms.
Unloading 1805 Unused Serialized files (Serialized files now loaded: 0)
System memory in use before: 88.7 MB.
System memory in use after: 88.7 MB.

Unloading 12 unused Assets to reduce memory usage. Loaded Objects now: 2405.
Total: 2.666400 ms (FindLiveObjects: 0.200600 ms CreateObjectMapping: 0.074100 ms MarkObjects: 2.235400 ms  DeleteObjects: 0.155300 ms)

========================================================================
Received Import Request.
  Time since last request: 323.151867 seconds.
  path: Assets/New Material.mat
  artifactKey: Guid(6d89cfc8084cfb2408665bcaf9f5c444) Importer(815301076,1909f56bfc062723c751e8b465ee728b)
Start importing Assets/New Material.mat using Guid(6d89cfc8084cfb2408665bcaf9f5c444) Importer(815301076,1909f56bfc062723c751e8b465ee728b)  -> (artifact id: '1d337c548a48791d7026b42f1e943406') in 0.113517 seconds
  Import took 0.119399 seconds .

========================================================================
Received Prepare
Registering precompiled user dll's ...
Registered in 0.001806 seconds.
Begin MonoManager ReloadAssembly
Native extension for WindowsStandalone target not found
Refreshing native plugins compatible for Editor in 0.61 ms, found 1 plugins.
Preloading 0 native plugins for Editor in 0.00 ms.
Invoked RoslynAnalysisRunner static constructor.
RoslynAnalysisRunner will not be running.
RoslynAnalysisRunner has terminated.
Mono: successfully reloaded assembly
- Completed reload, in  1.260 seconds
Platform modules already initialized, skipping
Refreshing native plugins compatible for Editor in 0.45 ms, found 1 plugins.
Preloading 0 native plugins for Editor in 0.00 ms.
Unloading 1805 Unused Serialized files (Serialized files now loaded: 0)
System memory in use before: 88.8 MB.
System memory in use after: 88.7 MB.

Unloading 12 unused Assets to reduce memory usage. Loaded Objects now: 2410.
Total: 3.753100 ms (FindLiveObjects: 0.306300 ms CreateObjectMapping: 0.178100 ms MarkObjects: 2.692700 ms  DeleteObjects: 0.573700 ms)

========================================================================
Received Prepare
Registering precompiled user dll's ...
Registered in 0.000983 seconds.
Begin MonoManager ReloadAssembly
Native extension for WindowsStandalone target not found
Refreshing native plugins compatible for Editor in 0.73 ms, found 1 plugins.
Preloading 0 native plugins for Editor in 0.00 ms.
Invoked RoslynAnalysisRunner static constructor.
RoslynAnalysisRunner will not be running.
RoslynAnalysisRunner has terminated.
Mono: successfully reloaded assembly
- Completed reload, in  1.908 seconds
Platform modules already initialized, skipping
Refreshing native plugins compatible for Editor in 1.50 ms, found 1 plugins.
Preloading 0 native plugins for Editor in 0.00 ms.
Unloading 1805 Unused Serialized files (Serialized files now loaded: 0)
System memory in use before: 88.8 MB.
System memory in use after: 88.8 MB.

Unloading 12 unused Assets to reduce memory usage. Loaded Objects now: 2414.
Total: 3.032800 ms (FindLiveObjects: 0.266600 ms CreateObjectMapping: 0.260000 ms MarkObjects: 2.359500 ms  DeleteObjects: 0.145000 ms)

========================================================================
Received Prepare
Refreshing native plugins compatible for Editor in 1.94 ms, found 1 plugins.
Preloading 0 native plugins for Editor in 0.00 ms.
Unloading 10 Unused Serialized files (Serialized files now loaded: 0)
System memory in use before: 53.3 MB.
System memory in use after: 53.3 MB.

Unloading 10 unused Assets to reduce memory usage. Loaded Objects now: 2414.
Total: 4.371500 ms (FindLiveObjects: 0.282000 ms CreateObjectMapping: 0.159300 ms MarkObjects: 3.771900 ms  DeleteObjects: 0.156100 ms)

========================================================================
Received Prepare
Refreshing native plugins compatible for Editor in 2.16 ms, found 1 plugins.
Preloading 0 native plugins for Editor in 0.00 ms.
Unloading 10 Unused Serialized files (Serialized files now loaded: 0)
System memory in use before: 53.3 MB.
System memory in use after: 53.3 MB.

Unloading 10 unused Assets to reduce memory usage. Loaded Objects now: 2414.
Total: 2.957000 ms (FindLiveObjects: 0.208200 ms CreateObjectMapping: 0.073800 ms MarkObjects: 2.535300 ms  DeleteObjects: 0.138600 ms)

========================================================================
Received Import Request.
  Time since last request: 485.976699 seconds.
  path: Assets/43-432212_big-image-switch-on-icon-png.png
  artifactKey: Guid(f2405fc0b423c9047af7d835312838e7) Importer(815301076,1909f56bfc062723c751e8b465ee728b)
Start importing Assets/43-432212_big-image-switch-on-icon-png.png using Guid(f2405fc0b423c9047af7d835312838e7) Importer(815301076,1909f56bfc062723c751e8b465ee728b)  -> (artifact id: 'b9f2b78bbf130c02f95fb464d58243e7') in 0.091615 seconds
  Import took 0.096158 seconds .

========================================================================
Received Import Request.
  Time since last request: 37.465676 seconds.
  path: Assets/43-432212_big-image-switch-on-icon-png 1.png
  artifactKey: Guid(a7b58eb924c44e043a8374252c8fa4dc) Importer(815301076,1909f56bfc062723c751e8b465ee728b)
Start importing Assets/43-432212_big-image-switch-on-icon-png 1.png using Guid(a7b58eb924c44e043a8374252c8fa4dc) Importer(815301076,1909f56bfc062723c751e8b465ee728b)  -> (artifact id: 'b559fa3db3f31b4f86d541bfb5448abe') in 0.039569 seconds
  Import took 0.044246 seconds .

========================================================================
Received Import Request.
  Time since last request: 37.087853 seconds.
  path: Assets/Fonts/JazzCreateBubble.ttf
  artifactKey: Guid(58b647c5b2ec4184e9a07a561cdf0644) Importer(815301076,1909f56bfc062723c751e8b465ee728b)
Start importing Assets/Fonts/JazzCreateBubble.ttf using Guid(58b647c5b2ec4184e9a07a561cdf0644) Importer(815301076,1909f56bfc062723c751e8b465ee728b)  -> (artifact id: '756edfcc51b99c860c741b56b58b3d66') in 0.096056 seconds
  Import took 0.117378 seconds .

========================================================================
Received Import Request.
  Time since last request: 0.003987 seconds.
  path: Assets/Fonts/JazzCreateBubble.ttf
  artifactKey: Guid(58b647c5b2ec4184e9a07a561cdf0644) Importer(815301076,1909f56bfc062723c751e8b465ee728b)
Start importing Assets/Fonts/JazzCreateBubble.ttf using Guid(58b647c5b2ec4184e9a07a561cdf0644) Importer(815301076,1909f56bfc062723c751e8b465ee728b)  -> (artifact id: '756edfcc51b99c860c741b56b58b3d66') in 0.046784 seconds
  Import took 0.050636 seconds .

========================================================================
Received Prepare
Registering precompiled user dll's ...
Registered in 0.001193 seconds.
Begin MonoManager ReloadAssembly
Native extension for WindowsStandalone target not found
Refreshing native plugins compatible for Editor in 0.43 ms, found 1 plugins.
Preloading 0 native plugins for Editor in 0.00 ms.
Invoked RoslynAnalysisRunner static constructor.
RoslynAnalysisRunner will not be running.
RoslynAnalysisRunner has terminated.
Mono: successfully reloaded assembly
- Completed reload, in  1.109 seconds
Platform modules already initialized, skipping
Refreshing native plugins compatible for Editor in 0.45 ms, found 1 plugins.
Preloading 0 native plugins for Editor in 0.00 ms.
Unloading 1806 Unused Serialized files (Serialized files now loaded: 0)
System memory in use before: 89.1 MB.
System memory in use after: 89.0 MB.

Unloading 12 unused Assets to reduce memory usage. Loaded Objects now: 2424.
Total: 2.752900 ms (FindLiveObjects: 0.258400 ms CreateObjectMapping: 0.144000 ms MarkObjects: 2.218100 ms  DeleteObjects: 0.131200 ms)

========================================================================
Received Prepare
Registering precompiled user dll's ...
Registered in 0.001026 seconds.
Begin MonoManager ReloadAssembly
Native extension for WindowsStandalone target not found
Refreshing native plugins compatible for Editor in 0.50 ms, found 1 plugins.
Preloading 0 native plugins for Editor in 0.00 ms.
Invoked RoslynAnalysisRunner static constructor.
RoslynAnalysisRunner will not be running.
RoslynAnalysisRunner has terminated.
Mono: successfully reloaded assembly
- Completed reload, in  1.096 seconds
Platform modules already initialized, skipping
Refreshing native plugins compatible for Editor in 0.44 ms, found 1 plugins.
Preloading 0 native plugins for Editor in 0.00 ms.
Unloading 1806 Unused Serialized files (Serialized files now loaded: 0)
System memory in use before: 89.1 MB.
System memory in use after: 89.1 MB.

Unloading 12 unused Assets to reduce memory usage. Loaded Objects now: 2428.
Total: 2.891000 ms (FindLiveObjects: 0.285600 ms CreateObjectMapping: 0.186800 ms MarkObjects: 2.258300 ms  DeleteObjects: 0.158800 ms)

========================================================================
Received Import Request.
  Time since last request: 214.841808 seconds.
  path: Assets/scripts/Scr_exit.cs
  artifactKey: Guid(b8081d5f8fbc5f74cad116bf24cbe6b8) Importer(815301076,1909f56bfc062723c751e8b465ee728b)
Start importing Assets/scripts/Scr_exit.cs using Guid(b8081d5f8fbc5f74cad116bf24cbe6b8) Importer(815301076,1909f56bfc062723c751e8b465ee728b)  -> (artifact id: '5dff58d92e98efc1ac27f38e28ec7580') in 0.034956 seconds
  Import took 0.038910 seconds .

========================================================================
Received Prepare
Registering precompiled user dll's ...
Registered in 0.001037 seconds.
Begin MonoManager ReloadAssembly
Native extension for WindowsStandalone target not found
Refreshing native plugins compatible for Editor in 0.42 ms, found 1 plugins.
Preloading 0 native plugins for Editor in 0.00 ms.
Invoked RoslynAnalysisRunner static constructor.
RoslynAnalysisRunner will not be running.
RoslynAnalysisRunner has terminated.
Mono: successfully reloaded assembly
- Completed reload, in  1.112 seconds
Platform modules already initialized, skipping
Refreshing native plugins compatible for Editor in 0.41 ms, found 1 plugins.
Preloading 0 native plugins for Editor in 0.00 ms.
Unloading 1806 Unused Serialized files (Serialized files now loaded: 0)
System memory in use before: 89.1 MB.
System memory in use after: 89.1 MB.

Unloading 12 unused Assets to reduce memory usage. Loaded Objects now: 2432.
Total: 2.246700 ms (FindLiveObjects: 0.202100 ms CreateObjectMapping: 0.073400 ms MarkObjects: 1.816400 ms  DeleteObjects: 0.153900 ms)

========================================================================
Received Import Request.
  Time since last request: 36.528027 seconds.
  path: Assets/scripts/Scr_exit.cs
  artifactKey: Guid(b8081d5f8fbc5f74cad116bf24cbe6b8) Importer(815301076,1909f56bfc062723c751e8b465ee728b)
Start importing Assets/scripts/Scr_exit.cs using Guid(b8081d5f8fbc5f74cad116bf24cbe6b8) Importer(815301076,1909f56bfc062723c751e8b465ee728b)  -> (artifact id: 'e836c26fcec1dfa97b366ac4d0fb32a0') in 0.031474 seconds
  Import took 0.035222 seconds .

========================================================================
Received Prepare
Registering precompiled user dll's ...
Registered in 0.000959 seconds.
Begin MonoManager ReloadAssembly
Native extension for WindowsStandalone target not found
Refreshing native plugins compatible for Editor in 0.40 ms, found 1 plugins.
Preloading 0 native plugins for Editor in 0.00 ms.
Invoked RoslynAnalysisRunner static constructor.
RoslynAnalysisRunner will not be running.
RoslynAnalysisRunner has terminated.
Mono: successfully reloaded assembly
- Completed reload, in  1.098 seconds
Platform modules already initialized, skipping
Refreshing native plugins compatible for Editor in 0.45 ms, found 1 plugins.
Preloading 0 native plugins for Editor in 0.00 ms.
Unloading 1806 Unused Serialized files (Serialized files now loaded: 0)
System memory in use before: 89.1 MB.
System memory in use after: 89.1 MB.

Unloading 12 unused Assets to reduce memory usage. Loaded Objects now: 2436.
Total: 2.360500 ms (FindLiveObjects: 0.212300 ms CreateObjectMapping: 0.073700 ms MarkObjects: 1.914300 ms  DeleteObjects: 0.159000 ms)

========================================================================
Received Prepare
Registering precompiled user dll's ...
Registered in 0.000932 seconds.
Begin MonoManager ReloadAssembly
Native extension for WindowsStandalone target not found
Refreshing native plugins compatible for Editor in 0.48 ms, found 1 plugins.
Preloading 0 native plugins for Editor in 0.00 ms.
Invoked RoslynAnalysisRunner static constructor.
RoslynAnalysisRunner will not be running.
RoslynAnalysisRunner has terminated.
Mono: successfully reloaded assembly
- Completed reload, in  1.122 seconds
Platform modules already initialized, skipping
Refreshing native plugins compatible for Editor in 0.40 ms, found 1 plugins.
Preloading 0 native plugins for Editor in 0.00 ms.
Unloading 1806 Unused Serialized files (Serialized files now loaded: 0)
System memory in use before: 89.1 MB.
System memory in use after: 89.1 MB.

Unloading 12 unused Assets to reduce memory usage. Loaded Objects now: 2440.
Total: 2.545400 ms (FindLiveObjects: 0.219300 ms CreateObjectMapping: 0.079000 ms MarkObjects: 2.106100 ms  DeleteObjects: 0.139900 ms)

========================================================================
Received Import Request.
  Time since last request: 144.012513 seconds.
  path: Assets/scripts/Scr_exit.cs
  artifactKey: Guid(b8081d5f8fbc5f74cad116bf24cbe6b8) Importer(815301076,1909f56bfc062723c751e8b465ee728b)
Start importing Assets/scripts/Scr_exit.cs using Guid(b8081d5f8fbc5f74cad116bf24cbe6b8) Importer(815301076,1909f56bfc062723c751e8b465ee728b)  -> (artifact id: '6a5691e950267af73c59b9824214bdb6') in 0.033003 seconds
  Import took 0.036678 seconds .

========================================================================
Received Prepare
Registering precompiled user dll's ...
Registered in 0.002015 seconds.
Begin MonoManager ReloadAssembly
Native extension for WindowsStandalone target not found
Refreshing native plugins compatible for Editor in 0.43 ms, found 1 plugins.
Preloading 0 native plugins for Editor in 0.00 ms.
Invoked RoslynAnalysisRunner static constructor.
RoslynAnalysisRunner will not be running.
RoslynAnalysisRunner has terminated.
Mono: successfully reloaded assembly
- Completed reload, in  1.103 seconds
Platform modules already initialized, skipping
Refreshing native plugins compatible for Editor in 0.40 ms, found 1 plugins.
Preloading 0 native plugins for Editor in 0.00 ms.
Unloading 1806 Unused Serialized files (Serialized files now loaded: 0)
System memory in use before: 89.1 MB.
System memory in use after: 89.1 MB.

Unloading 12 unused Assets to reduce memory usage. Loaded Objects now: 2444.
Total: 2.309300 ms (FindLiveObjects: 0.212600 ms CreateObjectMapping: 0.073500 ms MarkObjects: 1.870600 ms  DeleteObjects: 0.151600 ms)

========================================================================
Received Prepare
Refreshing native plugins compatible for Editor in 1.79 ms, found 1 plugins.
Preloading 0 native plugins for Editor in 0.00 ms.
Unloading 10 Unused Serialized files (Serialized files now loaded: 0)
System memory in use before: 53.6 MB.
System memory in use after: 53.6 MB.

Unloading 10 unused Assets to reduce memory usage. Loaded Objects now: 2444.
Total: 2.356800 ms (FindLiveObjects: 0.209300 ms CreateObjectMapping: 0.072800 ms MarkObjects: 1.931700 ms  DeleteObjects: 0.141400 ms)

AssetImportWorkerClient::OnTransportError - code=2 error=End of file
