Using pre-set license
Built from '2020.2/staging' branch; Version is '2020.2.7f1 (c53830e277f1) revision 12924976'; Using compiler version '192528614'; Build Type 'Release'
OS: 'Windows 10 Pro; OS build 19042.867; Version 2009; 64bit' Language: 'ru' Physical Memory: 16321 MB
BatchMode: 1, IsHumanControllingUs: 0, StartBugReporterOnCrash: 0, Is64bit: 1, IsPro: 0

 COMMAND LINE ARGUMENTS:
C:\Program Files\Unity\Hub\Editor\2020.2.7f1\Editor\Unity.exe
-adb2
-batchMode
-noUpm
-name
AssetImportWorker0
-projectPath
D:/Dima/Unity Projects/clicker
-logFile
Logs/AssetImportWorker0.log
-srvPort
60800
Successfully changed project path to: D:/Dima/Unity Projects/clicker
D:/Dima/Unity Projects/clicker
Using Asset Import Pipeline V2.
Refreshing native plugins compatible for Editor in 37.82 ms, found 1 plugins.
Preloading 0 native plugins for Editor in 0.00 ms.
Initialize engine version: 2020.2.7f1 (c53830e277f1)
[Subsystems] Discovering subsystems at path C:/Program Files/Unity/Hub/Editor/2020.2.7f1/Editor/Data/Resources/UnitySubsystems
[Subsystems] Discovering subsystems at path D:/Dima/Unity Projects/clicker/Assets
GfxDevice: creating device client; threaded=0
Direct3D:
    Version:  Direct3D 11.0 [level 11.1]
    Renderer: NVIDIA GeForce GTX 1660 (ID=0x2184)
    Vendor:   
    VRAM:     5991 MB
    Driver:   27.21.14.6089
Initialize mono
Mono path[0] = 'C:/Program Files/Unity/Hub/Editor/2020.2.7f1/Editor/Data/Managed'
Mono path[1] = 'C:/Program Files/Unity/Hub/Editor/2020.2.7f1/Editor/Data/MonoBleedingEdge/lib/mono/unityjit'
Mono config path = 'C:/Program Files/Unity/Hub/Editor/2020.2.7f1/Editor/Data/MonoBleedingEdge/etc'
Using monoOptions --debugger-agent=transport=dt_socket,embedding=1,server=y,suspend=n,address=127.0.0.1:56664
Begin MonoManager ReloadAssembly
Registering precompiled unity dll's ...
Register platform support module: C:/Program Files/Unity/Hub/Editor/2020.2.7f1/Editor/Data/PlaybackEngines/WindowsStandaloneSupport/UnityEditor.WindowsStandalone.Extensions.dll
Registered in 0.003317 seconds.
Native extension for WindowsStandalone target not found
Refreshing native plugins compatible for Editor in 38.98 ms, found 1 plugins.
Preloading 0 native plugins for Editor in 0.00 ms.
Invoked RoslynAnalysisRunner static constructor.
RoslynAnalysisRunner will not be running.
RoslynAnalysisRunner has terminated.
Mono: successfully reloaded assembly
- Completed reload, in  1.505 seconds
Platform modules already initialized, skipping
Registering precompiled user dll's ...
Registered in 0.001089 seconds.
Begin MonoManager ReloadAssembly
Native extension for WindowsStandalone target not found
Refreshing native plugins compatible for Editor in 40.99 ms, found 1 plugins.
Preloading 0 native plugins for Editor in 0.00 ms.
Invoked RoslynAnalysisRunner static constructor.
RoslynAnalysisRunner will not be running.
RoslynAnalysisRunner has terminated.
Mono: successfully reloaded assembly
- Completed reload, in  1.207 seconds
Platform modules already initialized, skipping
========================================================================
Worker process is ready to serve import requests
Launched and connected shader compiler UnityShaderCompiler.exe after 0.08 seconds
Refreshing native plugins compatible for Editor in 0.39 ms, found 1 plugins.
Preloading 0 native plugins for Editor in 0.00 ms.
Unloading 1809 Unused Serialized files (Serialized files now loaded: 0)
System memory in use before: 84.7 MB.
System memory in use after: 84.6 MB.

Unloading 24 unused Assets to reduce memory usage. Loaded Objects now: 2252.
Total: 2.687100 ms (FindLiveObjects: 0.213300 ms CreateObjectMapping: 0.081600 ms MarkObjects: 2.245000 ms  DeleteObjects: 0.146200 ms)

========================================================================
Received Import Request.
  path: Assets/scripts/Железо модель.obj
  artifactKey: Guid(4e3ce0d9c1f98b74e80ff376db0c92b5) Importer(815301076,1909f56bfc062723c751e8b465ee728b)
Start importing Assets/scripts/Железо модель.obj using Guid(4e3ce0d9c1f98b74e80ff376db0c92b5) Importer(815301076,1909f56bfc062723c751e8b465ee728b)  -> (artifact id: 'ba3029280aa7d328a6b3c723a42541bd') in 0.223017 seconds
  Import took 0.226737 seconds .

========================================================================
Received Import Request.
  Time since last request: 1.025439 seconds.
  path: Assets/scripts/Золото модель.obj
  artifactKey: Guid(befbfbc5ed2dfee46bd06fa48c28b586) Importer(815301076,1909f56bfc062723c751e8b465ee728b)
Start importing Assets/scripts/Золото модель.obj using Guid(befbfbc5ed2dfee46bd06fa48c28b586) Importer(815301076,1909f56bfc062723c751e8b465ee728b)  -> (artifact id: 'f6f13fa5d889d15bbd40d06cc97fcbbd') in 0.072435 seconds
  Import took 0.077203 seconds .

========================================================================
Received Import Request.
  Time since last request: 30.870008 seconds.
  path: Assets/scripts/Железо.png
  artifactKey: Guid(3773c4d240486c74a94354ba564c3286) Importer(815301076,1909f56bfc062723c751e8b465ee728b)
Start importing Assets/scripts/Железо.png using Guid(3773c4d240486c74a94354ba564c3286) Importer(815301076,1909f56bfc062723c751e8b465ee728b)  -> (artifact id: '6209280e5eee47855ddcdefa13788407') in 0.109118 seconds
  Import took 0.113488 seconds .

========================================================================
Received Import Request.
  Time since last request: 0.000334 seconds.
  path: Assets/scripts/Золото.png
  artifactKey: Guid(a8fc0b1c962b7394cac2bf345e2d53e9) Importer(815301076,1909f56bfc062723c751e8b465ee728b)
Start importing Assets/scripts/Золото.png using Guid(a8fc0b1c962b7394cac2bf345e2d53e9) Importer(815301076,1909f56bfc062723c751e8b465ee728b)  -> (artifact id: '0ec70a73b79e0397f9dcc92ccf15b873') in 0.044743 seconds
  Import took 0.048520 seconds .

========================================================================
Received Import Request.
  Time since last request: 0.000310 seconds.
  path: Assets/scripts/Камень.png
  artifactKey: Guid(bd7615315215b314e817f708ae6aa63e) Importer(815301076,1909f56bfc062723c751e8b465ee728b)
Start importing Assets/scripts/Камень.png using Guid(bd7615315215b314e817f708ae6aa63e) Importer(815301076,1909f56bfc062723c751e8b465ee728b)  -> (artifact id: '93d2f8d028b215662e293afe7c643d0d') in 0.042745 seconds
  Import took 0.047429 seconds .

========================================================================
Received Import Request.
  Time since last request: 0.000347 seconds.
  path: Assets/scripts/Монетка.png
  artifactKey: Guid(42f5f41839b677b47b88547d44efe734) Importer(815301076,1909f56bfc062723c751e8b465ee728b)
Start importing Assets/scripts/Монетка.png using Guid(42f5f41839b677b47b88547d44efe734) Importer(815301076,1909f56bfc062723c751e8b465ee728b)  -> (artifact id: 'bb53bcb0ba1f5679630528aa16377845') in 0.040184 seconds
  Import took 0.044525 seconds .

========================================================================
Received Import Request.
  Time since last request: 51.005732 seconds.
  path: Assets/scripts/Железо модель.mtl
  artifactKey: Guid(c27762c77ff8a644c88ad6b468f8ec85) Importer(815301076,1909f56bfc062723c751e8b465ee728b)
Start importing Assets/scripts/Железо модель.mtl using Guid(c27762c77ff8a644c88ad6b468f8ec85) Importer(815301076,1909f56bfc062723c751e8b465ee728b)  -> (artifact id: '424d2ae3302211a9e36f791d1e040c81') in 0.032157 seconds
  Import took 0.035649 seconds .

========================================================================
Received Import Request.
  Time since last request: 75.853837 seconds.
  path: Assets/scripts/Золото модель.mtl
  artifactKey: Guid(b3bd18a4d88f9f4498eb38d65a35ceab) Importer(815301076,1909f56bfc062723c751e8b465ee728b)
Start importing Assets/scripts/Золото модель.mtl using Guid(b3bd18a4d88f9f4498eb38d65a35ceab) Importer(815301076,1909f56bfc062723c751e8b465ee728b)  -> (artifact id: '64595b754dba3cd6d4e72b4aaf88967e') in 0.028866 seconds
  Import took 0.032725 seconds .

========================================================================
Received Prepare
Registering precompiled user dll's ...
Registered in 0.000942 seconds.
Begin MonoManager ReloadAssembly
Native extension for WindowsStandalone target not found
Refreshing native plugins compatible for Editor in 0.41 ms, found 1 plugins.
Preloading 0 native plugins for Editor in 0.00 ms.
Invoked RoslynAnalysisRunner static constructor.
RoslynAnalysisRunner will not be running.
RoslynAnalysisRunner has terminated.
Mono: successfully reloaded assembly
- Completed reload, in  1.071 seconds
Platform modules already initialized, skipping
Refreshing native plugins compatible for Editor in 0.40 ms, found 1 plugins.
Preloading 0 native plugins for Editor in 0.00 ms.
Unloading 1804 Unused Serialized files (Serialized files now loaded: 0)
System memory in use before: 88.2 MB.
System memory in use after: 88.2 MB.

Unloading 12 unused Assets to reduce memory usage. Loaded Objects now: 2301.
Total: 2.587000 ms (FindLiveObjects: 0.199700 ms CreateObjectMapping: 0.078000 ms MarkObjects: 2.170400 ms  DeleteObjects: 0.137400 ms)

========================================================================
Received Prepare
Registering precompiled user dll's ...
Registered in 0.001589 seconds.
Begin MonoManager ReloadAssembly
Native extension for WindowsStandalone target not found
Refreshing native plugins compatible for Editor in 0.76 ms, found 1 plugins.
Preloading 0 native plugins for Editor in 0.00 ms.
Invoked RoslynAnalysisRunner static constructor.
RoslynAnalysisRunner will not be running.
RoslynAnalysisRunner has terminated.
Mono: successfully reloaded assembly
- Completed reload, in  1.165 seconds
Platform modules already initialized, skipping
Refreshing native plugins compatible for Editor in 1.18 ms, found 1 plugins.
Preloading 0 native plugins for Editor in 0.00 ms.
Unloading 1804 Unused Serialized files (Serialized files now loaded: 0)
System memory in use before: 88.2 MB.
System memory in use after: 88.2 MB.

Unloading 12 unused Assets to reduce memory usage. Loaded Objects now: 2305.
Total: 2.917300 ms (FindLiveObjects: 0.238000 ms CreateObjectMapping: 0.140500 ms MarkObjects: 2.386300 ms  DeleteObjects: 0.151200 ms)

========================================================================
Received Import Request.
  Time since last request: 167.059483 seconds.
  path: Assets/scripts/New Material.mat
  artifactKey: Guid(6d89cfc8084cfb2408665bcaf9f5c444) Importer(815301076,1909f56bfc062723c751e8b465ee728b)
Start importing Assets/scripts/New Material.mat using Guid(6d89cfc8084cfb2408665bcaf9f5c444) Importer(815301076,1909f56bfc062723c751e8b465ee728b)  -> (artifact id: '92156a42a369b7f714598d7390499211') in 0.722552 seconds
  Import took 0.727308 seconds .

========================================================================
Received Prepare
Registering precompiled user dll's ...
Registered in 0.001500 seconds.
Begin MonoManager ReloadAssembly
Native extension for WindowsStandalone target not found
Refreshing native plugins compatible for Editor in 0.38 ms, found 1 plugins.
Preloading 0 native plugins for Editor in 0.00 ms.
Invoked RoslynAnalysisRunner static constructor.
RoslynAnalysisRunner will not be running.
RoslynAnalysisRunner has terminated.
Mono: successfully reloaded assembly
- Completed reload, in  1.068 seconds
Platform modules already initialized, skipping
Refreshing native plugins compatible for Editor in 0.41 ms, found 1 plugins.
Preloading 0 native plugins for Editor in 0.00 ms.
Unloading 1804 Unused Serialized files (Serialized files now loaded: 0)
System memory in use before: 88.2 MB.
System memory in use after: 88.2 MB.

Unloading 12 unused Assets to reduce memory usage. Loaded Objects now: 2310.
Total: 2.362500 ms (FindLiveObjects: 0.196800 ms CreateObjectMapping: 0.075600 ms MarkObjects: 1.932800 ms  DeleteObjects: 0.156600 ms)

========================================================================
Received Import Request.
  Time since last request: 231.089505 seconds.
  path: Assets/scripts/Top.png
  artifactKey: Guid(9418cf58e04406a4882efea9074a373e) Importer(815301076,1909f56bfc062723c751e8b465ee728b)
Start importing Assets/scripts/Top.png using Guid(9418cf58e04406a4882efea9074a373e) Importer(815301076,1909f56bfc062723c751e8b465ee728b)  -> (artifact id: '04219952b1bf3befa6567c193060260b') in 0.094942 seconds
  Import took 0.100293 seconds .

========================================================================
Received Prepare
Registering precompiled user dll's ...
Registered in 0.001556 seconds.
Begin MonoManager ReloadAssembly
Native extension for WindowsStandalone target not found
Refreshing native plugins compatible for Editor in 0.47 ms, found 1 plugins.
Preloading 0 native plugins for Editor in 0.00 ms.
Invoked RoslynAnalysisRunner static constructor.
RoslynAnalysisRunner will not be running.
RoslynAnalysisRunner has terminated.
Mono: successfully reloaded assembly
- Completed reload, in  1.157 seconds
Platform modules already initialized, skipping
Refreshing native plugins compatible for Editor in 0.40 ms, found 1 plugins.
Preloading 0 native plugins for Editor in 0.00 ms.
Unloading 1804 Unused Serialized files (Serialized files now loaded: 0)
System memory in use before: 88.3 MB.
System memory in use after: 88.3 MB.

Unloading 12 unused Assets to reduce memory usage. Loaded Objects now: 2317.
Total: 3.778400 ms (FindLiveObjects: 0.246100 ms CreateObjectMapping: 0.141700 ms MarkObjects: 3.008100 ms  DeleteObjects: 0.380800 ms)

========================================================================
Received Import Request.
  Time since last request: 119.752759 seconds.
  path: Assets/scripts/Top.png
  artifactKey: Guid(9418cf58e04406a4882efea9074a373e) Importer(815301076,1909f56bfc062723c751e8b465ee728b)
Start importing Assets/scripts/Top.png using Guid(9418cf58e04406a4882efea9074a373e) Importer(815301076,1909f56bfc062723c751e8b465ee728b)  -> (artifact id: 'c95ad61ca0b2dedaffbc5057bcc58d43') in 0.069250 seconds
  Import took 0.073412 seconds .

========================================================================
Received Import Request.
  Time since last request: 6.257605 seconds.
  path: Assets/scripts/Top.png
  artifactKey: Guid(9418cf58e04406a4882efea9074a373e) Importer(815301076,1909f56bfc062723c751e8b465ee728b)
Start importing Assets/scripts/Top.png using Guid(9418cf58e04406a4882efea9074a373e) Importer(815301076,1909f56bfc062723c751e8b465ee728b)  -> (artifact id: 'a51987a3668dacadb5793058246c302b') in 0.084597 seconds
  Import took 0.089311 seconds .

========================================================================
Received Import Request.
  Time since last request: 31.160017 seconds.
  path: Assets/scripts/Top.png
  artifactKey: Guid(9418cf58e04406a4882efea9074a373e) Importer(815301076,1909f56bfc062723c751e8b465ee728b)
Start importing Assets/scripts/Top.png using Guid(9418cf58e04406a4882efea9074a373e) Importer(815301076,1909f56bfc062723c751e8b465ee728b)  -> (artifact id: '875e6028ee34e305cc9cc2091f468585') in 0.078105 seconds
  Import took 0.084011 seconds .

========================================================================
Received Import Request.
  Time since last request: 38.474218 seconds.
  path: Assets/scripts/Materials
  artifactKey: Guid(e9bf0770a2e9d4f46a195dbaa2033b4b) Importer(815301076,1909f56bfc062723c751e8b465ee728b)
Start importing Assets/scripts/Materials using Guid(e9bf0770a2e9d4f46a195dbaa2033b4b) Importer(815301076,1909f56bfc062723c751e8b465ee728b)  -> (artifact id: '1cca3743b4c8cbb37e22f02a5da8d493') in 0.032474 seconds
  Import took 0.036247 seconds .

========================================================================
Received Import Request.
  Time since last request: 0.044439 seconds.
  path: Assets/scripts/Materials/Top.mat
  artifactKey: Guid(7755438b933ca514393d7559611700ab) Importer(815301076,1909f56bfc062723c751e8b465ee728b)
Start importing Assets/scripts/Materials/Top.mat using Guid(7755438b933ca514393d7559611700ab) Importer(815301076,1909f56bfc062723c751e8b465ee728b)  -> (artifact id: '53576f65e89617fd918edf3a4d6be5f3') in 0.056733 seconds
  Import took 0.060876 seconds .

========================================================================
Received Prepare
Registering precompiled user dll's ...
Registered in 0.002548 seconds.
Begin MonoManager ReloadAssembly
Native extension for WindowsStandalone target not found
Refreshing native plugins compatible for Editor in 0.44 ms, found 1 plugins.
Preloading 0 native plugins for Editor in 0.00 ms.
Invoked RoslynAnalysisRunner static constructor.
RoslynAnalysisRunner will not be running.
RoslynAnalysisRunner has terminated.
Mono: successfully reloaded assembly
- Completed reload, in  1.144 seconds
Platform modules already initialized, skipping
Refreshing native plugins compatible for Editor in 0.51 ms, found 1 plugins.
Preloading 0 native plugins for Editor in 0.00 ms.
Unloading 1804 Unused Serialized files (Serialized files now loaded: 0)
System memory in use before: 88.4 MB.
System memory in use after: 88.4 MB.

Unloading 12 unused Assets to reduce memory usage. Loaded Objects now: 2326.
Total: 2.917000 ms (FindLiveObjects: 0.262300 ms CreateObjectMapping: 0.164500 ms MarkObjects: 2.333900 ms  DeleteObjects: 0.154700 ms)

========================================================================
Received Import Request.
  Time since last request: 303.584163 seconds.
  path: Assets/Jelezo.obj
  artifactKey: Guid(45f490f0622b94140a6f7a8622f698a4) Importer(815301076,1909f56bfc062723c751e8b465ee728b)
Start importing Assets/Jelezo.obj using Guid(45f490f0622b94140a6f7a8622f698a4) Importer(815301076,1909f56bfc062723c751e8b465ee728b)  -> (artifact id: 'e3519dcb6d69d9bde7b1f56310236c75') in 0.148872 seconds
  Import took 0.153079 seconds .

========================================================================
Received Import Request.
  Time since last request: 0.000993 seconds.
  path: Assets/Jelezo.png
  artifactKey: Guid(0d37c1818f3eac642b2ba53729be5d10) Importer(815301076,1909f56bfc062723c751e8b465ee728b)
Start importing Assets/Jelezo.png using Guid(0d37c1818f3eac642b2ba53729be5d10) Importer(815301076,1909f56bfc062723c751e8b465ee728b)  -> (artifact id: 'f55923c917a5cb4343c8deaa62b38706') in 0.041709 seconds
  Import took 0.047575 seconds .

========================================================================
Received Prepare
Registering precompiled user dll's ...
Registered in 0.001030 seconds.
Begin MonoManager ReloadAssembly
Native extension for WindowsStandalone target not found
Refreshing native plugins compatible for Editor in 0.57 ms, found 1 plugins.
Preloading 0 native plugins for Editor in 0.00 ms.
Invoked RoslynAnalysisRunner static constructor.
RoslynAnalysisRunner will not be running.
RoslynAnalysisRunner has terminated.
Mono: successfully reloaded assembly
- Completed reload, in  1.143 seconds
Platform modules already initialized, skipping
Refreshing native plugins compatible for Editor in 0.41 ms, found 1 plugins.
Preloading 0 native plugins for Editor in 0.00 ms.
Unloading 1804 Unused Serialized files (Serialized files now loaded: 0)
System memory in use before: 88.4 MB.
System memory in use after: 88.4 MB.

Unloading 12 unused Assets to reduce memory usage. Loaded Objects now: 2331.
Total: 2.717700 ms (FindLiveObjects: 0.251000 ms CreateObjectMapping: 0.149500 ms MarkObjects: 2.127100 ms  DeleteObjects: 0.188500 ms)

========================================================================
Received Import Request.
  Time since last request: 360.637167 seconds.
  path: Assets/scripts/scr_menu.cs
  artifactKey: Guid(25005478290d74149ae6e20e24effab7) Importer(815301076,1909f56bfc062723c751e8b465ee728b)
Start importing Assets/scripts/scr_menu.cs using Guid(25005478290d74149ae6e20e24effab7) Importer(815301076,1909f56bfc062723c751e8b465ee728b)  -> (artifact id: '5f745378a66ac8d53519bff89ec41725') in 0.078189 seconds
  Import took 0.083492 seconds .

========================================================================
Received Prepare
Registering precompiled user dll's ...
Registered in 0.001224 seconds.
Begin MonoManager ReloadAssembly
Native extension for WindowsStandalone target not found
Refreshing native plugins compatible for Editor in 0.42 ms, found 1 plugins.
Preloading 0 native plugins for Editor in 0.00 ms.
Invoked RoslynAnalysisRunner static constructor.
RoslynAnalysisRunner will not be running.
RoslynAnalysisRunner has terminated.
Mono: successfully reloaded assembly
- Completed reload, in  1.175 seconds
Platform modules already initialized, skipping
Refreshing native plugins compatible for Editor in 0.45 ms, found 1 plugins.
Preloading 0 native plugins for Editor in 0.00 ms.
Unloading 1804 Unused Serialized files (Serialized files now loaded: 0)
System memory in use before: 88.4 MB.
System memory in use after: 88.4 MB.

Unloading 12 unused Assets to reduce memory usage. Loaded Objects now: 2335.
Total: 3.548700 ms (FindLiveObjects: 0.324600 ms CreateObjectMapping: 0.120600 ms MarkObjects: 2.960300 ms  DeleteObjects: 0.141100 ms)

========================================================================
Received Prepare
Registering precompiled user dll's ...
Registered in 0.001009 seconds.
Begin MonoManager ReloadAssembly
Native extension for WindowsStandalone target not found
Refreshing native plugins compatible for Editor in 0.38 ms, found 1 plugins.
Preloading 0 native plugins for Editor in 0.00 ms.
Invoked RoslynAnalysisRunner static constructor.
RoslynAnalysisRunner will not be running.
RoslynAnalysisRunner has terminated.
Mono: successfully reloaded assembly
- Completed reload, in  1.179 seconds
Platform modules already initialized, skipping
Refreshing native plugins compatible for Editor in 0.48 ms, found 1 plugins.
Preloading 0 native plugins for Editor in 0.00 ms.
Unloading 1804 Unused Serialized files (Serialized files now loaded: 0)
System memory in use before: 88.4 MB.
System memory in use after: 88.4 MB.

Unloading 12 unused Assets to reduce memory usage. Loaded Objects now: 2339.
Total: 2.652900 ms (FindLiveObjects: 0.261000 ms CreateObjectMapping: 0.157000 ms MarkObjects: 2.093800 ms  DeleteObjects: 0.139600 ms)

========================================================================
Received Prepare
Registering precompiled user dll's ...
Registered in 0.001014 seconds.
Begin MonoManager ReloadAssembly
Native extension for WindowsStandalone target not found
Refreshing native plugins compatible for Editor in 0.41 ms, found 1 plugins.
Preloading 0 native plugins for Editor in 0.00 ms.
Invoked RoslynAnalysisRunner static constructor.
RoslynAnalysisRunner will not be running.
RoslynAnalysisRunner has terminated.
Mono: successfully reloaded assembly
- Completed reload, in  1.172 seconds
Platform modules already initialized, skipping
Refreshing native plugins compatible for Editor in 0.50 ms, found 1 plugins.
Preloading 0 native plugins for Editor in 0.00 ms.
Unloading 1804 Unused Serialized files (Serialized files now loaded: 0)
System memory in use before: 88.4 MB.
System memory in use after: 88.4 MB.

Unloading 12 unused Assets to reduce memory usage. Loaded Objects now: 2343.
Total: 2.933100 ms (FindLiveObjects: 0.254800 ms CreateObjectMapping: 0.150400 ms MarkObjects: 2.384800 ms  DeleteObjects: 0.141800 ms)

========================================================================
Received Import Request.
  Time since last request: 427.133224 seconds.
  path: Packages/com.unity.2d.spriteshape/Editor/ObjectMenuCreation/DefaultAssets/Sprite Shapes/Closed Sprite Shape.prefab
  artifactKey: Guid(c0583b4e855c74b8c82e7b9b5efb5ce9) Importer(815301076,1909f56bfc062723c751e8b465ee728b)
Start importing Packages/com.unity.2d.spriteshape/Editor/ObjectMenuCreation/DefaultAssets/Sprite Shapes/Closed Sprite Shape.prefab using Guid(c0583b4e855c74b8c82e7b9b5efb5ce9) Importer(815301076,1909f56bfc062723c751e8b465ee728b)  -> (artifact id: '2fd34413e34226639ed1ffea7c9489cc') in 0.286825 seconds
  Import took 0.291619 seconds .

========================================================================
Received Import Request.
  Time since last request: 0.000301 seconds.
  path: Packages/com.unity.2d.spriteshape/Editor/ObjectMenuCreation/DefaultAssets/Sprite Shapes/Open Sprite Shape.prefab
  artifactKey: Guid(86ae7de409eb54f619fb1328e4d42480) Importer(815301076,1909f56bfc062723c751e8b465ee728b)
Start importing Packages/com.unity.2d.spriteshape/Editor/ObjectMenuCreation/DefaultAssets/Sprite Shapes/Open Sprite Shape.prefab using Guid(86ae7de409eb54f619fb1328e4d42480) Importer(815301076,1909f56bfc062723c751e8b465ee728b)  -> (artifact id: '52e9283deb56fad2acae3faf574d104a') in 0.037724 seconds
  Import took 0.042112 seconds .

========================================================================
Received Prepare
Registering precompiled user dll's ...
Registered in 0.001025 seconds.
Begin MonoManager ReloadAssembly
Native extension for WindowsStandalone target not found
Refreshing native plugins compatible for Editor in 0.66 ms, found 1 plugins.
Preloading 0 native plugins for Editor in 0.00 ms.
Invoked RoslynAnalysisRunner static constructor.
RoslynAnalysisRunner will not be running.
RoslynAnalysisRunner has terminated.
Mono: successfully reloaded assembly
- Completed reload, in  1.478 seconds
Platform modules already initialized, skipping
Refreshing native plugins compatible for Editor in 0.43 ms, found 1 plugins.
Preloading 0 native plugins for Editor in 0.00 ms.
Unloading 1804 Unused Serialized files (Serialized files now loaded: 0)
System memory in use before: 88.5 MB.
System memory in use after: 88.4 MB.

Unloading 12 unused Assets to reduce memory usage. Loaded Objects now: 2347.
Total: 3.669100 ms (FindLiveObjects: 0.251800 ms CreateObjectMapping: 0.142700 ms MarkObjects: 3.114600 ms  DeleteObjects: 0.157800 ms)

========================================================================
Received Import Request.
  Time since last request: 118.523463 seconds.
  path: Assets/BayatGames
  artifactKey: Guid(4e34ef0356c81b54ca1d5c89b225171f) Importer(815301076,1909f56bfc062723c751e8b465ee728b)
Start importing Assets/BayatGames using Guid(4e34ef0356c81b54ca1d5c89b225171f) Importer(815301076,1909f56bfc062723c751e8b465ee728b)  -> (artifact id: '4c613165ad7e199e9080b183b13bce7b') in 0.036010 seconds
  Import took 0.040386 seconds .

========================================================================
Received Import Request.
  Time since last request: 0.739109 seconds.
  path: Assets/BayatGames/Free Platform Game Assets
  artifactKey: Guid(fca484a638c989e4d899378f52d7c168) Importer(815301076,1909f56bfc062723c751e8b465ee728b)
Start importing Assets/BayatGames/Free Platform Game Assets using Guid(fca484a638c989e4d899378f52d7c168) Importer(815301076,1909f56bfc062723c751e8b465ee728b)  -> (artifact id: '7e40563bb804ff87413b99d4a79637a7') in 0.030722 seconds
  Import took 0.034448 seconds .

========================================================================
Received Import Request.
  Time since last request: 0.520330 seconds.
  path: Assets/BayatGames/Free Platform Game Assets/Backgrounds
  artifactKey: Guid(4032d8f8d13c5954f956f116443aacff) Importer(815301076,1909f56bfc062723c751e8b465ee728b)
Start importing Assets/BayatGames/Free Platform Game Assets/Backgrounds using Guid(4032d8f8d13c5954f956f116443aacff) Importer(815301076,1909f56bfc062723c751e8b465ee728b)  -> (artifact id: 'a48d587aee1abf15aa6b4a93119cf480') in 0.031044 seconds
  Import took 0.034710 seconds .

========================================================================
Received Import Request.
  Time since last request: 0.482019 seconds.
  path: Assets/BayatGames/Free Platform Game Assets/Backgrounds/Background
  artifactKey: Guid(d1812e76ef309974dab10fcb8a0593ca) Importer(815301076,1909f56bfc062723c751e8b465ee728b)
Start importing Assets/BayatGames/Free Platform Game Assets/Backgrounds/Background using Guid(d1812e76ef309974dab10fcb8a0593ca) Importer(815301076,1909f56bfc062723c751e8b465ee728b)  -> (artifact id: '105aa96358fbe093a5f86fdaa98b424f') in 0.031154 seconds
  Import took 0.034876 seconds .

========================================================================
Received Import Request.
  Time since last request: 0.707667 seconds.
  path: Assets/BayatGames/Free Platform Game Assets/Backgrounds/Background/png
  artifactKey: Guid(b1af854388f12ea46b814763cf1775fc) Importer(815301076,1909f56bfc062723c751e8b465ee728b)
Start importing Assets/BayatGames/Free Platform Game Assets/Backgrounds/Background/png using Guid(b1af854388f12ea46b814763cf1775fc) Importer(815301076,1909f56bfc062723c751e8b465ee728b)  -> (artifact id: '71fb9046a3fca76e3bfed4ac8c0394fe') in 0.032091 seconds
  Import took 0.035972 seconds .

========================================================================
Received Import Request.
  Time since last request: 0.772758 seconds.
  path: Assets/BayatGames/Free Platform Game Assets/Backgrounds/Background/png/1920x1080
  artifactKey: Guid(b9f215df0afd812498117de05656ec6e) Importer(815301076,1909f56bfc062723c751e8b465ee728b)
Start importing Assets/BayatGames/Free Platform Game Assets/Backgrounds/Background/png/1920x1080 using Guid(b9f215df0afd812498117de05656ec6e) Importer(815301076,1909f56bfc062723c751e8b465ee728b)  -> (artifact id: '9f8947ed5f73846e4d1f6302cf176e51') in 0.032582 seconds
  Import took 0.036275 seconds .

========================================================================
Received Import Request.
  Time since last request: 0.734254 seconds.
  path: Assets/BayatGames/Free Platform Game Assets/Backgrounds/Background/png/1920x1080/Background
  artifactKey: Guid(9e33d8eab5601ba4e98e72e772e4d603) Importer(815301076,1909f56bfc062723c751e8b465ee728b)
Start importing Assets/BayatGames/Free Platform Game Assets/Backgrounds/Background/png/1920x1080/Background using Guid(9e33d8eab5601ba4e98e72e772e4d603) Importer(815301076,1909f56bfc062723c751e8b465ee728b)  -> (artifact id: '3065a5ee0d0ea7d3c66d3371e9dcd9d8') in 0.031794 seconds
  Import took 0.064356 seconds .

========================================================================
Received Import Request.
  Time since last request: 0.026075 seconds.
  path: Assets/BayatGames/Free Platform Game Assets/Backgrounds/Background/png/1920x1080/Background/Background.png
  artifactKey: Guid(a52c61e4d863eb24eb1a6cec742bd3ff) Importer(815301076,1909f56bfc062723c751e8b465ee728b)
Start importing Assets/BayatGames/Free Platform Game Assets/Backgrounds/Background/png/1920x1080/Background/Background.png using Guid(a52c61e4d863eb24eb1a6cec742bd3ff) Importer(815301076,1909f56bfc062723c751e8b465ee728b)  -> (artifact id: 'cff9dbd9ecef14773f843cad63864ce3') in 0.089877 seconds
  Import took 0.093874 seconds .

========================================================================
Received Prepare
Registering precompiled user dll's ...
Registered in 0.001253 seconds.
Begin MonoManager ReloadAssembly
Native extension for WindowsStandalone target not found
Refreshing native plugins compatible for Editor in 0.42 ms, found 1 plugins.
Preloading 0 native plugins for Editor in 0.00 ms.
Invoked RoslynAnalysisRunner static constructor.
RoslynAnalysisRunner will not be running.
RoslynAnalysisRunner has terminated.
Mono: successfully reloaded assembly
- Completed reload, in  1.192 seconds
Platform modules already initialized, skipping
Refreshing native plugins compatible for Editor in 0.42 ms, found 1 plugins.
Preloading 0 native plugins for Editor in 0.00 ms.
Unloading 1804 Unused Serialized files (Serialized files now loaded: 0)
System memory in use before: 88.5 MB.
System memory in use after: 88.5 MB.

Unloading 12 unused Assets to reduce memory usage. Loaded Objects now: 2354.
Total: 2.869000 ms (FindLiveObjects: 0.238200 ms CreateObjectMapping: 0.070300 ms MarkObjects: 2.370300 ms  DeleteObjects: 0.189000 ms)

========================================================================
Received Prepare
Registering precompiled user dll's ...
Registered in 0.001051 seconds.
Begin MonoManager ReloadAssembly
Native extension for WindowsStandalone target not found
Refreshing native plugins compatible for Editor in 0.38 ms, found 1 plugins.
Preloading 0 native plugins for Editor in 0.00 ms.
Invoked RoslynAnalysisRunner static constructor.
RoslynAnalysisRunner will not be running.
RoslynAnalysisRunner has terminated.
Mono: successfully reloaded assembly
- Completed reload, in  1.135 seconds
Platform modules already initialized, skipping
Refreshing native plugins compatible for Editor in 0.40 ms, found 1 plugins.
Preloading 0 native plugins for Editor in 0.00 ms.
Unloading 1804 Unused Serialized files (Serialized files now loaded: 0)
System memory in use before: 88.5 MB.
System memory in use after: 88.5 MB.

Unloading 12 unused Assets to reduce memory usage. Loaded Objects now: 2358.
Total: 3.135900 ms (FindLiveObjects: 0.249700 ms CreateObjectMapping: 0.145700 ms MarkObjects: 2.592100 ms  DeleteObjects: 0.146900 ms)

========================================================================
Received Prepare
Registering precompiled user dll's ...
Registered in 0.002653 seconds.
Begin MonoManager ReloadAssembly
Native extension for WindowsStandalone target not found
Refreshing native plugins compatible for Editor in 1.16 ms, found 1 plugins.
Preloading 0 native plugins for Editor in 0.00 ms.
Invoked RoslynAnalysisRunner static constructor.
RoslynAnalysisRunner will not be running.
RoslynAnalysisRunner has terminated.
Mono: successfully reloaded assembly
- Completed reload, in  1.114 seconds
Platform modules already initialized, skipping
Refreshing native plugins compatible for Editor in 0.51 ms, found 1 plugins.
Preloading 0 native plugins for Editor in 0.00 ms.
Unloading 1804 Unused Serialized files (Serialized files now loaded: 0)
System memory in use before: 88.5 MB.
System memory in use after: 88.5 MB.

Unloading 12 unused Assets to reduce memory usage. Loaded Objects now: 2362.
Total: 3.819500 ms (FindLiveObjects: 0.286400 ms CreateObjectMapping: 0.240900 ms MarkObjects: 3.135100 ms  DeleteObjects: 0.155500 ms)

========================================================================
Received Prepare
Registering precompiled user dll's ...
Registered in 0.001289 seconds.
Begin MonoManager ReloadAssembly
Native extension for WindowsStandalone target not found
Refreshing native plugins compatible for Editor in 0.42 ms, found 1 plugins.
Preloading 0 native plugins for Editor in 0.00 ms.
Invoked RoslynAnalysisRunner static constructor.
RoslynAnalysisRunner will not be running.
RoslynAnalysisRunner has terminated.
Mono: successfully reloaded assembly
- Completed reload, in  1.147 seconds
Platform modules already initialized, skipping
Refreshing native plugins compatible for Editor in 0.40 ms, found 1 plugins.
Preloading 0 native plugins for Editor in 0.00 ms.
Unloading 1804 Unused Serialized files (Serialized files now loaded: 0)
System memory in use before: 88.5 MB.
System memory in use after: 88.5 MB.

Unloading 12 unused Assets to reduce memory usage. Loaded Objects now: 2366.
Total: 2.462100 ms (FindLiveObjects: 0.243300 ms CreateObjectMapping: 0.138900 ms MarkObjects: 1.927700 ms  DeleteObjects: 0.151500 ms)

========================================================================
Received Prepare
Registering precompiled user dll's ...
Registered in 0.001230 seconds.
Begin MonoManager ReloadAssembly
Native extension for WindowsStandalone target not found
Refreshing native plugins compatible for Editor in 0.66 ms, found 1 plugins.
Preloading 0 native plugins for Editor in 0.00 ms.
Invoked RoslynAnalysisRunner static constructor.
RoslynAnalysisRunner will not be running.
RoslynAnalysisRunner has terminated.
Mono: successfully reloaded assembly
- Completed reload, in  1.150 seconds
Platform modules already initialized, skipping
Refreshing native plugins compatible for Editor in 0.41 ms, found 1 plugins.
Preloading 0 native plugins for Editor in 0.00 ms.
Unloading 1804 Unused Serialized files (Serialized files now loaded: 0)
System memory in use before: 88.5 MB.
System memory in use after: 88.5 MB.

Unloading 12 unused Assets to reduce memory usage. Loaded Objects now: 2370.
Total: 3.032900 ms (FindLiveObjects: 0.277300 ms CreateObjectMapping: 0.166400 ms MarkObjects: 2.439800 ms  DeleteObjects: 0.148200 ms)

========================================================================
Received Prepare
Registering precompiled user dll's ...
Registered in 0.001026 seconds.
Begin MonoManager ReloadAssembly
Native extension for WindowsStandalone target not found
Refreshing native plugins compatible for Editor in 0.41 ms, found 1 plugins.
Preloading 0 native plugins for Editor in 0.00 ms.
Invoked RoslynAnalysisRunner static constructor.
RoslynAnalysisRunner will not be running.
RoslynAnalysisRunner has terminated.
Mono: successfully reloaded assembly
- Completed reload, in  1.186 seconds
Platform modules already initialized, skipping
Refreshing native plugins compatible for Editor in 0.44 ms, found 1 plugins.
Preloading 0 native plugins for Editor in 0.00 ms.
Unloading 1804 Unused Serialized files (Serialized files now loaded: 0)
System memory in use before: 88.5 MB.
System memory in use after: 88.5 MB.

Unloading 12 unused Assets to reduce memory usage. Loaded Objects now: 2374.
Total: 3.557700 ms (FindLiveObjects: 0.472300 ms CreateObjectMapping: 0.179300 ms MarkObjects: 2.710000 ms  DeleteObjects: 0.194300 ms)

========================================================================
Received Prepare
Registering precompiled user dll's ...
Registered in 0.001097 seconds.
Begin MonoManager ReloadAssembly
Native extension for WindowsStandalone target not found
Refreshing native plugins compatible for Editor in 0.54 ms, found 1 plugins.
Preloading 0 native plugins for Editor in 0.00 ms.
Invoked RoslynAnalysisRunner static constructor.
RoslynAnalysisRunner will not be running.
RoslynAnalysisRunner has terminated.
Mono: successfully reloaded assembly
- Completed reload, in  1.172 seconds
Platform modules already initialized, skipping
Refreshing native plugins compatible for Editor in 0.58 ms, found 1 plugins.
Preloading 0 native plugins for Editor in 0.00 ms.
Unloading 1804 Unused Serialized files (Serialized files now loaded: 0)
System memory in use before: 88.5 MB.
System memory in use after: 88.5 MB.

Unloading 12 unused Assets to reduce memory usage. Loaded Objects now: 2378.
Total: 2.825200 ms (FindLiveObjects: 0.248900 ms CreateObjectMapping: 0.143100 ms MarkObjects: 2.290700 ms  DeleteObjects: 0.140700 ms)

========================================================================
Received Prepare
Registering precompiled user dll's ...
Registered in 0.001228 seconds.
Begin MonoManager ReloadAssembly
Native extension for WindowsStandalone target not found
Refreshing native plugins compatible for Editor in 0.41 ms, found 1 plugins.
Preloading 0 native plugins for Editor in 0.00 ms.
Invoked RoslynAnalysisRunner static constructor.
RoslynAnalysisRunner will not be running.
RoslynAnalysisRunner has terminated.
Mono: successfully reloaded assembly
- Completed reload, in  1.153 seconds
Platform modules already initialized, skipping
Refreshing native plugins compatible for Editor in 0.45 ms, found 1 plugins.
Preloading 0 native plugins for Editor in 0.00 ms.
Unloading 1804 Unused Serialized files (Serialized files now loaded: 0)
System memory in use before: 88.5 MB.
System memory in use after: 88.5 MB.

Unloading 12 unused Assets to reduce memory usage. Loaded Objects now: 2382.
Total: 2.813400 ms (FindLiveObjects: 0.242600 ms CreateObjectMapping: 0.139500 ms MarkObjects: 2.243000 ms  DeleteObjects: 0.187000 ms)

========================================================================
Received Import Request.
  Time since last request: 1827.034961 seconds.
  path: Assets/jelezoBIG.obj
  artifactKey: Guid(869a88ce26402714aad42a8630b41c3c) Importer(815301076,1909f56bfc062723c751e8b465ee728b)
Start importing Assets/jelezoBIG.obj using Guid(869a88ce26402714aad42a8630b41c3c) Importer(815301076,1909f56bfc062723c751e8b465ee728b)  -> (artifact id: '8541acc0306e6a95c98649c25de0418e') in 0.178772 seconds
  Import took 0.183181 seconds .

========================================================================
Received Prepare
Registering precompiled user dll's ...
Registered in 0.000992 seconds.
Begin MonoManager ReloadAssembly
Native extension for WindowsStandalone target not found
Refreshing native plugins compatible for Editor in 0.41 ms, found 1 plugins.
Preloading 0 native plugins for Editor in 0.00 ms.
Invoked RoslynAnalysisRunner static constructor.
RoslynAnalysisRunner will not be running.
RoslynAnalysisRunner has terminated.
Mono: successfully reloaded assembly
- Completed reload, in  1.121 seconds
Platform modules already initialized, skipping
Refreshing native plugins compatible for Editor in 0.40 ms, found 1 plugins.
Preloading 0 native plugins for Editor in 0.00 ms.
Unloading 1804 Unused Serialized files (Serialized files now loaded: 0)
System memory in use before: 88.6 MB.
System memory in use after: 88.5 MB.

Unloading 14 unused Assets to reduce memory usage. Loaded Objects now: 2387.
Total: 2.704400 ms (FindLiveObjects: 0.253200 ms CreateObjectMapping: 0.141800 ms MarkObjects: 2.080200 ms  DeleteObjects: 0.228000 ms)

========================================================================
Received Prepare
Registering precompiled user dll's ...
Registered in 0.001040 seconds.
Begin MonoManager ReloadAssembly
Native extension for WindowsStandalone target not found
Refreshing native plugins compatible for Editor in 0.44 ms, found 1 plugins.
Preloading 0 native plugins for Editor in 0.00 ms.
Invoked RoslynAnalysisRunner static constructor.
RoslynAnalysisRunner will not be running.
RoslynAnalysisRunner has terminated.
Mono: successfully reloaded assembly
- Completed reload, in  1.153 seconds
Platform modules already initialized, skipping
Refreshing native plugins compatible for Editor in 0.40 ms, found 1 plugins.
Preloading 0 native plugins for Editor in 0.00 ms.
Unloading 1804 Unused Serialized files (Serialized files now loaded: 0)
System memory in use before: 88.6 MB.
System memory in use after: 88.5 MB.

Unloading 12 unused Assets to reduce memory usage. Loaded Objects now: 2391.
Total: 2.345500 ms (FindLiveObjects: 0.211400 ms CreateObjectMapping: 0.078000 ms MarkObjects: 1.895700 ms  DeleteObjects: 0.159400 ms)

========================================================================
Received Import Request.
  Time since last request: 1252.360027 seconds.
  path: Assets/Jelezo.png
  artifactKey: Guid(0d37c1818f3eac642b2ba53729be5d10) Importer(815301076,1909f56bfc062723c751e8b465ee728b)
Start importing Assets/Jelezo.png using Guid(0d37c1818f3eac642b2ba53729be5d10) Importer(815301076,1909f56bfc062723c751e8b465ee728b)  -> (artifact id: '2e9df1ad125e4a0690c799077e13a90b') in 0.079061 seconds
  Import took 0.084661 seconds .

========================================================================
Received Import Request.
  Time since last request: 435.705124 seconds.
  path: Assets/New Material 1.mat
  artifactKey: Guid(553c5da347a74f54c9439d2b66843158) Importer(815301076,1909f56bfc062723c751e8b465ee728b)
Start importing Assets/New Material 1.mat using Guid(553c5da347a74f54c9439d2b66843158) Importer(815301076,1909f56bfc062723c751e8b465ee728b)  -> (artifact id: '969ad60c6a23acd2f09955fdfd6a04ab') in 0.070315 seconds
  Import took 0.074743 seconds .

========================================================================
Received Prepare
Registering precompiled user dll's ...
Registered in 0.001077 seconds.
Begin MonoManager ReloadAssembly
Native extension for WindowsStandalone target not found
Refreshing native plugins compatible for Editor in 0.41 ms, found 1 plugins.
Preloading 0 native plugins for Editor in 0.00 ms.
Invoked RoslynAnalysisRunner static constructor.
RoslynAnalysisRunner will not be running.
RoslynAnalysisRunner has terminated.
Mono: successfully reloaded assembly
- Completed reload, in  1.187 seconds
Platform modules already initialized, skipping
Refreshing native plugins compatible for Editor in 0.40 ms, found 1 plugins.
Preloading 0 native plugins for Editor in 0.00 ms.
Unloading 1804 Unused Serialized files (Serialized files now loaded: 0)
System memory in use before: 88.6 MB.
System memory in use after: 88.6 MB.

Unloading 14 unused Assets to reduce memory usage. Loaded Objects now: 2396.
Total: 8.117400 ms (FindLiveObjects: 0.356800 ms CreateObjectMapping: 0.150400 ms MarkObjects: 7.428300 ms  DeleteObjects: 0.180000 ms)

========================================================================
Received Prepare
Registering precompiled user dll's ...
Registered in 0.001007 seconds.
Begin MonoManager ReloadAssembly
Native extension for WindowsStandalone target not found
Refreshing native plugins compatible for Editor in 0.47 ms, found 1 plugins.
Preloading 0 native plugins for Editor in 0.00 ms.
Invoked RoslynAnalysisRunner static constructor.
RoslynAnalysisRunner will not be running.
RoslynAnalysisRunner has terminated.
Mono: successfully reloaded assembly
- Completed reload, in  1.162 seconds
Platform modules already initialized, skipping
Refreshing native plugins compatible for Editor in 0.45 ms, found 1 plugins.
Preloading 0 native plugins for Editor in 0.00 ms.
Unloading 1804 Unused Serialized files (Serialized files now loaded: 0)
System memory in use before: 88.6 MB.
System memory in use after: 88.6 MB.

Unloading 12 unused Assets to reduce memory usage. Loaded Objects now: 2400.
Total: 3.398200 ms (FindLiveObjects: 0.367700 ms CreateObjectMapping: 0.183000 ms MarkObjects: 2.694300 ms  DeleteObjects: 0.150900 ms)

========================================================================
Received Prepare
Registering precompiled user dll's ...
Registered in 0.001069 seconds.
Begin MonoManager ReloadAssembly
Native extension for WindowsStandalone target not found
Refreshing native plugins compatible for Editor in 0.43 ms, found 1 plugins.
Preloading 0 native plugins for Editor in 0.00 ms.
Invoked RoslynAnalysisRunner static constructor.
RoslynAnalysisRunner will not be running.
RoslynAnalysisRunner has terminated.
Mono: successfully reloaded assembly
- Completed reload, in  1.109 seconds
Platform modules already initialized, skipping
Refreshing native plugins compatible for Editor in 0.41 ms, found 1 plugins.
Preloading 0 native plugins for Editor in 0.00 ms.
Unloading 1804 Unused Serialized files (Serialized files now loaded: 0)
System memory in use before: 88.6 MB.
System memory in use after: 88.6 MB.

Unloading 12 unused Assets to reduce memory usage. Loaded Objects now: 2404.
Total: 2.708300 ms (FindLiveObjects: 0.274300 ms CreateObjectMapping: 0.148400 ms MarkObjects: 2.130500 ms  DeleteObjects: 0.153800 ms)

========================================================================
Received Prepare
Registering precompiled user dll's ...
Registered in 0.002857 seconds.
Begin MonoManager ReloadAssembly
Native extension for WindowsStandalone target not found
Refreshing native plugins compatible for Editor in 0.45 ms, found 1 plugins.
Preloading 0 native plugins for Editor in 0.00 ms.
Invoked RoslynAnalysisRunner static constructor.
RoslynAnalysisRunner will not be running.
RoslynAnalysisRunner has terminated.
Mono: successfully reloaded assembly
- Completed reload, in  1.104 seconds
Platform modules already initialized, skipping
Refreshing native plugins compatible for Editor in 0.40 ms, found 1 plugins.
Preloading 0 native plugins for Editor in 0.00 ms.
Unloading 1804 Unused Serialized files (Serialized files now loaded: 0)
System memory in use before: 88.6 MB.
System memory in use after: 88.6 MB.

Unloading 12 unused Assets to reduce memory usage. Loaded Objects now: 2408.
Total: 3.208500 ms (FindLiveObjects: 0.335100 ms CreateObjectMapping: 0.250600 ms MarkObjects: 2.458300 ms  DeleteObjects: 0.162300 ms)

========================================================================
Received Prepare
Registering precompiled user dll's ...
Registered in 0.000990 seconds.
Begin MonoManager ReloadAssembly
Native extension for WindowsStandalone target not found
Refreshing native plugins compatible for Editor in 0.43 ms, found 1 plugins.
Preloading 0 native plugins for Editor in 0.00 ms.
Invoked RoslynAnalysisRunner static constructor.
RoslynAnalysisRunner will not be running.
RoslynAnalysisRunner has terminated.
Mono: successfully reloaded assembly
- Completed reload, in  1.149 seconds
Platform modules already initialized, skipping
Refreshing native plugins compatible for Editor in 0.45 ms, found 1 plugins.
Preloading 0 native plugins for Editor in 0.00 ms.
Unloading 1804 Unused Serialized files (Serialized files now loaded: 0)
System memory in use before: 88.6 MB.
System memory in use after: 88.6 MB.

Unloading 12 unused Assets to reduce memory usage. Loaded Objects now: 2412.
Total: 2.748800 ms (FindLiveObjects: 0.272100 ms CreateObjectMapping: 0.304100 ms MarkObjects: 2.031100 ms  DeleteObjects: 0.140000 ms)

========================================================================
Received Prepare
Registering precompiled user dll's ...
Registered in 0.001285 seconds.
Begin MonoManager ReloadAssembly
Native extension for WindowsStandalone target not found
Refreshing native plugins compatible for Editor in 0.50 ms, found 1 plugins.
Preloading 0 native plugins for Editor in 0.00 ms.
Invoked RoslynAnalysisRunner static constructor.
RoslynAnalysisRunner will not be running.
RoslynAnalysisRunner has terminated.
Mono: successfully reloaded assembly
- Completed reload, in  1.119 seconds
Platform modules already initialized, skipping
Refreshing native plugins compatible for Editor in 0.42 ms, found 1 plugins.
Preloading 0 native plugins for Editor in 0.00 ms.
Unloading 1804 Unused Serialized files (Serialized files now loaded: 0)
System memory in use before: 88.6 MB.
System memory in use after: 88.6 MB.

Unloading 12 unused Assets to reduce memory usage. Loaded Objects now: 2416.
Total: 3.329500 ms (FindLiveObjects: 0.542000 ms CreateObjectMapping: 0.200300 ms MarkObjects: 2.391100 ms  DeleteObjects: 0.194000 ms)

========================================================================
Received Prepare
Registering precompiled user dll's ...
Registered in 0.001105 seconds.
Begin MonoManager ReloadAssembly
Native extension for WindowsStandalone target not found
Refreshing native plugins compatible for Editor in 0.55 ms, found 1 plugins.
Preloading 0 native plugins for Editor in 0.00 ms.
Invoked RoslynAnalysisRunner static constructor.
RoslynAnalysisRunner will not be running.
RoslynAnalysisRunner has terminated.
Mono: successfully reloaded assembly
- Completed reload, in  1.113 seconds
Platform modules already initialized, skipping
Refreshing native plugins compatible for Editor in 0.40 ms, found 1 plugins.
Preloading 0 native plugins for Editor in 0.00 ms.
Unloading 1804 Unused Serialized files (Serialized files now loaded: 0)
System memory in use before: 88.6 MB.
System memory in use after: 88.6 MB.

Unloading 12 unused Assets to reduce memory usage. Loaded Objects now: 2420.
Total: 3.309100 ms (FindLiveObjects: 0.549300 ms CreateObjectMapping: 0.161000 ms MarkObjects: 2.450100 ms  DeleteObjects: 0.146800 ms)

========================================================================
Received Prepare
Registering precompiled user dll's ...
Registered in 0.001277 seconds.
Begin MonoManager ReloadAssembly
Native extension for WindowsStandalone target not found
Refreshing native plugins compatible for Editor in 0.49 ms, found 1 plugins.
Preloading 0 native plugins for Editor in 0.00 ms.
Invoked RoslynAnalysisRunner static constructor.
RoslynAnalysisRunner will not be running.
RoslynAnalysisRunner has terminated.
Mono: successfully reloaded assembly
- Completed reload, in  1.210 seconds
Platform modules already initialized, skipping
Refreshing native plugins compatible for Editor in 0.49 ms, found 1 plugins.
Preloading 0 native plugins for Editor in 0.00 ms.
Unloading 1804 Unused Serialized files (Serialized files now loaded: 0)
System memory in use before: 88.6 MB.
System memory in use after: 88.6 MB.

Unloading 12 unused Assets to reduce memory usage. Loaded Objects now: 2424.
Total: 2.755300 ms (FindLiveObjects: 0.214400 ms CreateObjectMapping: 0.074900 ms MarkObjects: 2.301400 ms  DeleteObjects: 0.163300 ms)

========================================================================
Received Import Request.
  Time since last request: 8429.087629 seconds.
  path: Assets/GoldMaterial.mat
  artifactKey: Guid(85d66e8ac57f6644088799d384af57cc) Importer(815301076,1909f56bfc062723c751e8b465ee728b)
Start importing Assets/GoldMaterial.mat using Guid(85d66e8ac57f6644088799d384af57cc) Importer(815301076,1909f56bfc062723c751e8b465ee728b)  -> (artifact id: 'df59370a46464468dfa4b8b432baf663') in 0.110147 seconds
  Import took 0.116829 seconds .

========================================================================
Received Import Request.
  Time since last request: 144.894927 seconds.
  path: Assets/StoneMaterial.mat
  artifactKey: Guid(79a26c41f2aeb0049aa92c3226cff526) Importer(815301076,1909f56bfc062723c751e8b465ee728b)
Start importing Assets/StoneMaterial.mat using Guid(79a26c41f2aeb0049aa92c3226cff526) Importer(815301076,1909f56bfc062723c751e8b465ee728b)  -> (artifact id: '3b5be7f78326eb0ad4e3142d05490803') in 0.041426 seconds
  Import took 0.047023 seconds .

========================================================================
Received Import Request.
  Time since last request: 39.842438 seconds.
  path: Assets/Materials
  artifactKey: Guid(c733946b6f297d64c9469f68dd505390) Importer(815301076,1909f56bfc062723c751e8b465ee728b)
Start importing Assets/Materials using Guid(c733946b6f297d64c9469f68dd505390) Importer(815301076,1909f56bfc062723c751e8b465ee728b)  -> (artifact id: '4b73a10be63bd3299a02202a7c1d0994') in 0.031758 seconds
  Import took 0.035869 seconds .

========================================================================
Received Prepare
Registering precompiled user dll's ...
Registered in 0.001507 seconds.
Begin MonoManager ReloadAssembly
Native extension for WindowsStandalone target not found
Refreshing native plugins compatible for Editor in 0.37 ms, found 1 plugins.
Preloading 0 native plugins for Editor in 0.00 ms.
Invoked RoslynAnalysisRunner static constructor.
RoslynAnalysisRunner will not be running.
RoslynAnalysisRunner has terminated.
Mono: successfully reloaded assembly
- Completed reload, in  1.096 seconds
Platform modules already initialized, skipping
Refreshing native plugins compatible for Editor in 0.40 ms, found 1 plugins.
Preloading 0 native plugins for Editor in 0.00 ms.
Unloading 1804 Unused Serialized files (Serialized files now loaded: 0)
System memory in use before: 88.7 MB.
System memory in use after: 88.6 MB.

Unloading 14 unused Assets to reduce memory usage. Loaded Objects now: 2429.
Total: 2.382900 ms (FindLiveObjects: 0.212800 ms CreateObjectMapping: 0.075200 ms MarkObjects: 1.923600 ms  DeleteObjects: 0.170200 ms)

========================================================================
Received Prepare
Registering precompiled user dll's ...
Registered in 0.001119 seconds.
Begin MonoManager ReloadAssembly
Native extension for WindowsStandalone target not found
Refreshing native plugins compatible for Editor in 0.37 ms, found 1 plugins.
Preloading 0 native plugins for Editor in 0.00 ms.
Invoked RoslynAnalysisRunner static constructor.
RoslynAnalysisRunner will not be running.
RoslynAnalysisRunner has terminated.
Mono: successfully reloaded assembly
- Completed reload, in  1.059 seconds
Platform modules already initialized, skipping
Refreshing native plugins compatible for Editor in 0.54 ms, found 1 plugins.
Preloading 0 native plugins for Editor in 0.00 ms.
Unloading 1804 Unused Serialized files (Serialized files now loaded: 0)
System memory in use before: 88.6 MB.
System memory in use after: 88.6 MB.

Unloading 12 unused Assets to reduce memory usage. Loaded Objects now: 2433.
Total: 2.190300 ms (FindLiveObjects: 0.202900 ms CreateObjectMapping: 0.074300 ms MarkObjects: 1.784600 ms  DeleteObjects: 0.127800 ms)

========================================================================
Received Prepare
Registering precompiled user dll's ...
Registered in 0.001070 seconds.
Begin MonoManager ReloadAssembly
Native extension for WindowsStandalone target not found
Refreshing native plugins compatible for Editor in 0.41 ms, found 1 plugins.
Preloading 0 native plugins for Editor in 0.00 ms.
Invoked RoslynAnalysisRunner static constructor.
RoslynAnalysisRunner will not be running.
RoslynAnalysisRunner has terminated.
Mono: successfully reloaded assembly
- Completed reload, in  1.152 seconds
Platform modules already initialized, skipping
Refreshing native plugins compatible for Editor in 0.85 ms, found 1 plugins.
Preloading 0 native plugins for Editor in 0.00 ms.
Unloading 1804 Unused Serialized files (Serialized files now loaded: 0)
System memory in use before: 88.7 MB.
System memory in use after: 88.7 MB.

Unloading 12 unused Assets to reduce memory usage. Loaded Objects now: 2437.
Total: 2.454900 ms (FindLiveObjects: 0.222100 ms CreateObjectMapping: 0.076800 ms MarkObjects: 2.015000 ms  DeleteObjects: 0.139500 ms)

========================================================================
Received Import Request.
  Time since last request: 1212.502589 seconds.
  path: Assets/New Material.mat
  artifactKey: Guid(6d89cfc8084cfb2408665bcaf9f5c444) Importer(815301076,1909f56bfc062723c751e8b465ee728b)
Start importing Assets/New Material.mat using Guid(6d89cfc8084cfb2408665bcaf9f5c444) Importer(815301076,1909f56bfc062723c751e8b465ee728b)  -> (artifact id: 'f6dc0beb18856609fbf0118da0f93e09') in 0.101677 seconds
  Import took 0.105996 seconds .

========================================================================
Received Import Request.
  Time since last request: 0.000222 seconds.
  path: Assets/Materials/GoldMaterial.mat
  artifactKey: Guid(85d66e8ac57f6644088799d384af57cc) Importer(815301076,1909f56bfc062723c751e8b465ee728b)
Start importing Assets/Materials/GoldMaterial.mat using Guid(85d66e8ac57f6644088799d384af57cc) Importer(815301076,1909f56bfc062723c751e8b465ee728b)  -> (artifact id: '9a6563197757fed2d606049097acfce3') in 0.039748 seconds
  Import took 0.044070 seconds .

========================================================================
Received Import Request.
  Time since last request: 0.000242 seconds.
  path: Assets/New Material.mat
  artifactKey: Guid(6d89cfc8084cfb2408665bcaf9f5c444) Importer(815301076,1909f56bfc062723c751e8b465ee728b)
Start importing Assets/New Material.mat using Guid(6d89cfc8084cfb2408665bcaf9f5c444) Importer(815301076,1909f56bfc062723c751e8b465ee728b)  -> (artifact id: 'f6dc0beb18856609fbf0118da0f93e09') in 0.037938 seconds
  Import took 0.041699 seconds .

========================================================================
Received Import Request.
  Time since last request: 188.919986 seconds.
  path: Assets/Materials/IronMaterial.mat
  artifactKey: Guid(553c5da347a74f54c9439d2b66843158) Importer(815301076,1909f56bfc062723c751e8b465ee728b)
Start importing Assets/Materials/IronMaterial.mat using Guid(553c5da347a74f54c9439d2b66843158) Importer(815301076,1909f56bfc062723c751e8b465ee728b)  -> (artifact id: '491f962c884c7cc4f303e59b88610153') in 0.043666 seconds
  Import took 0.049133 seconds .

========================================================================
Received Import Request.
  Time since last request: 0.000263 seconds.
  path: Assets/Materials/StoneMaterial.mat
  artifactKey: Guid(79a26c41f2aeb0049aa92c3226cff526) Importer(815301076,1909f56bfc062723c751e8b465ee728b)
Start importing Assets/Materials/StoneMaterial.mat using Guid(79a26c41f2aeb0049aa92c3226cff526) Importer(815301076,1909f56bfc062723c751e8b465ee728b)  -> (artifact id: '1e24a0458a19f9770358969f056b1109') in 0.038722 seconds
  Import took 0.052460 seconds .

========================================================================
Received Import Request.
  Time since last request: 0.000232 seconds.
  path: Assets/Materials/IronMaterial.mat
  artifactKey: Guid(553c5da347a74f54c9439d2b66843158) Importer(815301076,1909f56bfc062723c751e8b465ee728b)
Start importing Assets/Materials/IronMaterial.mat using Guid(553c5da347a74f54c9439d2b66843158) Importer(815301076,1909f56bfc062723c751e8b465ee728b)  -> (artifact id: '491f962c884c7cc4f303e59b88610153') in 0.035306 seconds
  Import took 0.038960 seconds .

========================================================================
Received Import Request.
  Time since last request: 0.000226 seconds.
  path: Assets/Materials/StoneMaterial.mat
  artifactKey: Guid(79a26c41f2aeb0049aa92c3226cff526) Importer(815301076,1909f56bfc062723c751e8b465ee728b)
Start importing Assets/Materials/StoneMaterial.mat using Guid(79a26c41f2aeb0049aa92c3226cff526) Importer(815301076,1909f56bfc062723c751e8b465ee728b)  -> (artifact id: '1e24a0458a19f9770358969f056b1109') in 0.036015 seconds
  Import took 0.039870 seconds .

========================================================================
Received Import Request.
  Time since last request: 17.859806 seconds.
  path: Assets/Золото модель.obj
  artifactKey: Guid(befbfbc5ed2dfee46bd06fa48c28b586) Importer(815301076,1909f56bfc062723c751e8b465ee728b)
Start importing Assets/Золото модель.obj using Guid(befbfbc5ed2dfee46bd06fa48c28b586) Importer(815301076,1909f56bfc062723c751e8b465ee728b)  -> (artifact id: 'd63e46065c2962ad894fb58d4c592581') in 0.084118 seconds
  Import took 0.088154 seconds .

========================================================================
Received Prepare
Registering precompiled user dll's ...
Registered in 0.000965 seconds.
Begin MonoManager ReloadAssembly
Native extension for WindowsStandalone target not found
Refreshing native plugins compatible for Editor in 0.40 ms, found 1 plugins.
Preloading 0 native plugins for Editor in 0.00 ms.
Invoked RoslynAnalysisRunner static constructor.
RoslynAnalysisRunner will not be running.
RoslynAnalysisRunner has terminated.
Mono: successfully reloaded assembly
- Completed reload, in  1.086 seconds
Platform modules already initialized, skipping
Refreshing native plugins compatible for Editor in 0.43 ms, found 1 plugins.
Preloading 0 native plugins for Editor in 0.00 ms.
Unloading 1804 Unused Serialized files (Serialized files now loaded: 0)
System memory in use before: 88.8 MB.
System memory in use after: 88.7 MB.

Unloading 14 unused Assets to reduce memory usage. Loaded Objects now: 2444.
Total: 2.561800 ms (FindLiveObjects: 0.210000 ms CreateObjectMapping: 0.074400 ms MarkObjects: 2.112900 ms  DeleteObjects: 0.163500 ms)

========================================================================
Received Prepare
Registering precompiled user dll's ...
Registered in 0.004105 seconds.
Begin MonoManager ReloadAssembly
Native extension for WindowsStandalone target not found
Refreshing native plugins compatible for Editor in 0.40 ms, found 1 plugins.
Preloading 0 native plugins for Editor in 0.00 ms.
Invoked RoslynAnalysisRunner static constructor.
RoslynAnalysisRunner will not be running.
RoslynAnalysisRunner has terminated.
Mono: successfully reloaded assembly
- Completed reload, in  1.023 seconds
Platform modules already initialized, skipping
Refreshing native plugins compatible for Editor in 0.41 ms, found 1 plugins.
Preloading 0 native plugins for Editor in 0.00 ms.
Unloading 1804 Unused Serialized files (Serialized files now loaded: 0)
System memory in use before: 88.8 MB.
System memory in use after: 88.7 MB.

Unloading 12 unused Assets to reduce memory usage. Loaded Objects now: 2448.
Total: 2.226900 ms (FindLiveObjects: 0.218400 ms CreateObjectMapping: 0.073500 ms MarkObjects: 1.785200 ms  DeleteObjects: 0.148600 ms)

========================================================================
Received Prepare
Registering precompiled user dll's ...
Registered in 0.000983 seconds.
Begin MonoManager ReloadAssembly
Native extension for WindowsStandalone target not found
Refreshing native plugins compatible for Editor in 0.39 ms, found 1 plugins.
Preloading 0 native plugins for Editor in 0.00 ms.
Invoked RoslynAnalysisRunner static constructor.
RoslynAnalysisRunner will not be running.
RoslynAnalysisRunner has terminated.
Mono: successfully reloaded assembly
- Completed reload, in  1.294 seconds
Platform modules already initialized, skipping
Refreshing native plugins compatible for Editor in 0.80 ms, found 1 plugins.
Preloading 0 native plugins for Editor in 0.00 ms.
Unloading 1805 Unused Serialized files (Serialized files now loaded: 0)
System memory in use before: 88.8 MB.
System memory in use after: 88.8 MB.

Unloading 12 unused Assets to reduce memory usage. Loaded Objects now: 2453.
Total: 2.901400 ms (FindLiveObjects: 0.344100 ms CreateObjectMapping: 0.135600 ms MarkObjects: 2.270400 ms  DeleteObjects: 0.149600 ms)

========================================================================
Received Prepare
Registering precompiled user dll's ...
Registered in 0.000999 seconds.
Begin MonoManager ReloadAssembly
Native extension for WindowsStandalone target not found
Refreshing native plugins compatible for Editor in 0.38 ms, found 1 plugins.
Preloading 0 native plugins for Editor in 0.00 ms.
Invoked RoslynAnalysisRunner static constructor.
RoslynAnalysisRunner will not be running.
RoslynAnalysisRunner has terminated.
Mono: successfully reloaded assembly
- Completed reload, in  1.311 seconds
Platform modules already initialized, skipping
Refreshing native plugins compatible for Editor in 0.54 ms, found 1 plugins.
Preloading 0 native plugins for Editor in 0.00 ms.
Unloading 1805 Unused Serialized files (Serialized files now loaded: 0)
System memory in use before: 88.8 MB.
System memory in use after: 88.8 MB.

Unloading 12 unused Assets to reduce memory usage. Loaded Objects now: 2457.
Total: 2.949100 ms (FindLiveObjects: 0.224800 ms CreateObjectMapping: 0.148000 ms MarkObjects: 2.442900 ms  DeleteObjects: 0.131900 ms)

========================================================================
Received Prepare
Registering precompiled user dll's ...
Registered in 0.001211 seconds.
Begin MonoManager ReloadAssembly
Native extension for WindowsStandalone target not found
Refreshing native plugins compatible for Editor in 0.50 ms, found 1 plugins.
Preloading 0 native plugins for Editor in 0.00 ms.
Invoked RoslynAnalysisRunner static constructor.
RoslynAnalysisRunner will not be running.
RoslynAnalysisRunner has terminated.
Mono: successfully reloaded assembly
- Completed reload, in  1.107 seconds
Platform modules already initialized, skipping
Refreshing native plugins compatible for Editor in 0.40 ms, found 1 plugins.
Preloading 0 native plugins for Editor in 0.00 ms.
Unloading 1805 Unused Serialized files (Serialized files now loaded: 0)
System memory in use before: 88.8 MB.
System memory in use after: 88.8 MB.

Unloading 12 unused Assets to reduce memory usage. Loaded Objects now: 2461.
Total: 2.874700 ms (FindLiveObjects: 0.217200 ms CreateObjectMapping: 0.075500 ms MarkObjects: 2.338100 ms  DeleteObjects: 0.242500 ms)

========================================================================
Received Import Request.
  Time since last request: 1822.520217 seconds.
  path: Assets/scripts/Scr_ChangeModel.cs
  artifactKey: Guid(df18a2c57e0b6cf4eafa63d12c9339be) Importer(815301076,1909f56bfc062723c751e8b465ee728b)
Start importing Assets/scripts/Scr_ChangeModel.cs using Guid(df18a2c57e0b6cf4eafa63d12c9339be) Importer(815301076,1909f56bfc062723c751e8b465ee728b)  -> (artifact id: 'bfa52169757839fea6da1ae77e879221') in 0.034131 seconds
  Import took 0.037892 seconds .

========================================================================
Received Prepare
Registering precompiled user dll's ...
Registered in 0.001177 seconds.
Begin MonoManager ReloadAssembly
Native extension for WindowsStandalone target not found
Refreshing native plugins compatible for Editor in 0.40 ms, found 1 plugins.
Preloading 0 native plugins for Editor in 0.00 ms.
Invoked RoslynAnalysisRunner static constructor.
RoslynAnalysisRunner will not be running.
RoslynAnalysisRunner has terminated.
Mono: successfully reloaded assembly
- Completed reload, in  1.179 seconds
Platform modules already initialized, skipping
Refreshing native plugins compatible for Editor in 0.51 ms, found 1 plugins.
Preloading 0 native plugins for Editor in 0.00 ms.
Unloading 1805 Unused Serialized files (Serialized files now loaded: 0)
System memory in use before: 88.8 MB.
System memory in use after: 88.8 MB.

Unloading 12 unused Assets to reduce memory usage. Loaded Objects now: 2465.
Total: 2.397000 ms (FindLiveObjects: 0.225300 ms CreateObjectMapping: 0.079100 ms MarkObjects: 1.951400 ms  DeleteObjects: 0.140300 ms)

AssetImportWorkerClient::OnTransportError - code=2 error=End of file
